V |                      | ArgumentsFromParametersFile.OnBuildCreated (150)
V |                      | HandleReSharperSurrogateArguments.OnBuildCreated (150)
V |                      | InjectParameterValues.OnBuildCreated (100)
V |                      | HandleShellCompletion.OnBuildCreated (75)
V |                      | GenerateBuildServerConfigurations.OnBuildCreated (50)
V |                      | InvokeBuildServerConfigurationGeneration.OnBuildCreated (45)
V |                      | UpdateNotification.OnBuildCreated (10)
V |                      | UnsetVisualStudioEnvironmentVariables.OnBuildCreated (0)
V |                      | HandleVisualStudioDebugging.OnBuildCreated (0)
V |                      | EventInvoker.OnBuildCreated (-3.4028235E+38)
V |                      | HandlePlanRequests.OnBuildInitialized (10)
V |                      | HandleHelpRequests.OnBuildInitialized (5)
V |                      | Telemetry.OnBuildInitialized (0)
V |                      | Sending BuildStarted telemetry event ...
V |                      |   build_components         = 
V |                      |   build_type               = Project
V |                      |   compile_time             = <null>
V |                      |   config_generators        = GitHubActions
V |                      |   host                     = Rider
V |                      |   num_custom_components    = 0
V |                      |   num_custom_extensions    = 0
V |                      |   num_partitioned_targets  = 0
V |                      |   num_secrets              = 1
V |                      |   num_targets              = 9
V |                      |   os_architecture          = Arm64
V |                      |   os_platform              = OSX
V |                      |   repo_branch              = main
V |                      |   repo_commit              = 126402
V |                      |   repo_provider            = GitHub
V |                      |   repo_url                 = b37034
V |                      |   target_framework         = .NETCoreApp,Version=v9.0
V |                      |   version_dotnet_sdk       = 9.0.302
V |                      |   version_nuke_common      = 9.0.4
V |                      |   version_nuke_global_tool = <null>
V |                      | InjectNonParameterValues.OnBuildInitialized (-100)
I |                      | > /opt/homebrew/bin/dotnet /Users/philippe/.nuget/packages/octopus.octoversion.tool/1.0.9/tools/net9.0/any/OctoVersion.Tool.dll octoversion --OutputJsonFile /Users/philippe/repo/github/Mutty/.nuke/temp/octoversion.bcf52f42-1531-4f3c-ba23-e6b40f634450.json --DetectEnvironment true --CurrentBranch main --Major 1
V |                      | @ /Users/philippe/repo/github/Mutty
D |                      | [15:07:17 DBG] Running OctoVersion 1.0.9+Branch.main.Sha.bc7affed7aa3d6702f7dfd4a435644e70fa4f943.bc7affed7aa3d6702f7dfd4a435644e70fa4f943 with AppSettings {CurrentBranch="main", NonPreReleaseTags=["main", "master"], NonPreReleaseTagsRegex="", RepositoryPath="", Major=1, Minor=null, Patch=null, PreReleaseTag=null, BuildMetadata=null, FullSemVer=null, OutputFormats=[], DetectEnvironment=True, OutputJsonFile="/Users/philippe/repo/github/Mutty/.nuke/temp/octoversion.bcf52f42-1531-4f3c-ba23-e6b40f634450.json"}
D |                      | [15:07:17 DBG] Executing in /Users/philippe/repo/github/Mutty
D |                      | [15:07:17 DBG] Writing build output using JsonFileOutputFormatter
D |                      | [15:07:17 INF] Beginning operation 46e0c361-0f06-485d-a1ca-ad76440e5980: Calculating version
D |                      | [15:07:17 DBG] Located Git repository in /Users/philippe/repo/github/Mutty/.git/
D |                      | [15:07:17 INF] Beginning operation 89a364fa-41be-4c30-a794-80aff5e410c6: Loading commits
D |                      | [15:07:17 DBG] Repository contains 53 commits
D |                      | [15:07:17 INF] Completed operation 89a364fa-41be-4c30-a794-80aff5e410c6: Loading commits in 00:00:00.0140802 (14 ms)
D |                      | [15:07:17 INF] Beginning operation 8033fa62-84f7-4b3b-a36a-a5a0814eaf51: Mapping commits into internal representation
D |                      | [15:07:17 INF] Completed operation 8033fa62-84f7-4b3b-a36a-a5a0814eaf51: Mapping commits into internal representation in 00:00:00.0026765 (2 ms)
D |                      | [15:07:17 INF] Beginning operation a075dd26-09ba-454b-83c8-46a74a543232: Establishing parent/child relationships
D |                      | [15:07:17 INF] Completed operation a075dd26-09ba-454b-83c8-46a74a543232: Establishing parent/child relationships in 00:00:00.0009292 (0 ms)
D |                      | [15:07:17 INF] Beginning operation 48fe0a06-c0b0-45b7-a7fe-3f80daf898a1: Loading tags
D |                      | [15:07:17 DBG] Repository contains 5 tags
D |                      | [15:07:17 INF] Completed operation 48fe0a06-c0b0-45b7-a7fe-3f80daf898a1: Loading tags in 00:00:00.0038053 (3 ms)
D |                      | [15:07:17 INF] Beginning operation 17c6867b-e340-468c-a476-8bbcf9b49c83: Applying relevant version tags to each commit
D |                      | [15:07:17 INF] Completed operation 17c6867b-e340-468c-a476-8bbcf9b49c83: Applying relevant version tags to each commit in 00:00:00.0005550 (0 ms)
D |                      | [15:07:17 DBG] main is contained within the set of non-pre-release branches ["main", "master"]; no pre-release tag is being added
D |                      | [15:07:17 DBG] Overriding derived major version 1 with 1
D |                      | [15:07:17 DBG] Using build metadata Branch.main.Sha.f29e4964eed61c2e387b39280804d630771d25f6
D |                      | [15:07:17 INF] Completed operation 46e0c361-0f06-485d-a1ca-ad76440e5980: Calculating version in 00:00:00.0399551 (39 ms)
D |                      | [15:07:17 INF] Version is 1.0.49
D |                      | [15:07:17 INF] Writing version info to /Users/philippe/repo/github/Mutty/.nuke/temp/octoversion.bcf52f42-1531-4f3c-ba23-e6b40f634450.json
V |                      | EventInvoker.OnBuildInitialized (-3.4028235E+38)
V | Clean                | EventInvoker.OnTargetRunning (-3.4028235E+38)
I | Clean                | > /opt/homebrew/bin/dotnet clean /Users/philippe/repo/github/Mutty/src/library/Mutty/Mutty.csproj
V | Clean                | @ /Users/philippe/repo/github/Mutty
D | Clean                | Build started 7/15/2025 3:07:17 PM.
D | Clean                |      1>Project "/Users/philippe/repo/github/Mutty/src/library/Mutty/Mutty.csproj" on node 1 (Clean target(s)).
D | Clean                |      1>CoreClean:
D | Clean                |          Deleting file "/Users/philippe/repo/github/Mutty/src/library/Mutty/bin/Debug/netstandard2.0/Mutty.deps.json".
D | Clean                |          Deleting file "/Users/philippe/repo/github/Mutty/src/library/Mutty/bin/Debug/netstandard2.0/Mutty.dll".
D | Clean                |          Deleting file "/Users/philippe/repo/github/Mutty/src/library/Mutty/bin/Debug/netstandard2.0/Mutty.xml".
D | Clean                |          Deleting file "/Users/philippe/repo/github/Mutty/src/library/Mutty/obj/Debug/netstandard2.0/Mutty.csproj.AssemblyReference.cache".
D | Clean                |          Deleting file "/Users/philippe/repo/github/Mutty/src/library/Mutty/obj/Debug/netstandard2.0/Mutty.GeneratedMSBuildEditorConfig.editorconfig".
D | Clean                |          Deleting file "/Users/philippe/repo/github/Mutty/src/library/Mutty/obj/Debug/netstandard2.0/Mutty.AssemblyInfoInputs.cache".
D | Clean                |          Deleting file "/Users/philippe/repo/github/Mutty/src/library/Mutty/obj/Debug/netstandard2.0/Mutty.AssemblyInfo.cs".
D | Clean                |          Deleting file "/Users/philippe/repo/github/Mutty/src/library/Mutty/obj/Debug/netstandard2.0/Mutty.csproj.CoreCompileInputs.cache".
D | Clean                |          Deleting file "/Users/philippe/repo/github/Mutty/src/library/Mutty/obj/Debug/netstandard2.0/Mutty.sourcelink.json".
D | Clean                |          Deleting file "/Users/philippe/repo/github/Mutty/src/library/Mutty/obj/Debug/netstandard2.0/Mutty.dll".
D | Clean                |          Deleting file "/Users/philippe/repo/github/Mutty/src/library/Mutty/obj/Debug/netstandard2.0/Mutty.xml".
D | Clean                |      1>Done Building Project "/Users/philippe/repo/github/Mutty/src/library/Mutty/Mutty.csproj" (Clean target(s)).
D | Clean                | 
D | Clean                | Build succeeded.
D | Clean                |     0 Warning(s)
D | Clean                |     0 Error(s)
D | Clean                | 
D | Clean                | Time Elapsed 00:00:00.25
I | Clean                | > /opt/homebrew/bin/dotnet clean /Users/philippe/repo/github/Mutty/src/tests/Mutty.Tests/Mutty.Tests.csproj
V | Clean                | @ /Users/philippe/repo/github/Mutty
D | Clean                | Build started 7/15/2025 3:07:18 PM.
D | Clean                |      1>Project "/Users/philippe/repo/github/Mutty/src/tests/Mutty.Tests/Mutty.Tests.csproj" on node 1 (Clean target(s)).
D | Clean                |      1>CoreClean:
D | Clean                |          Deleting file "/Users/philippe/repo/github/Mutty/src/tests/Mutty.Tests/bin/Debug/net9.0/.msCoverageSourceRootsMapping_Mutty.Tests".
D | Clean                |          Deleting file "/Users/philippe/repo/github/Mutty/src/tests/Mutty.Tests/bin/Debug/net9.0/CoverletSourceRootsMapping_Mutty.Tests".
D | Clean                |          Deleting file "/Users/philippe/repo/github/Mutty/src/tests/Mutty.Tests/bin/Debug/net9.0/NUnit3.TestAdapter.pdb".
D | Clean                |          Deleting file "/Users/philippe/repo/github/Mutty/src/tests/Mutty.Tests/bin/Debug/net9.0/nunit.engine.dll".
D | Clean                |          Deleting file "/Users/philippe/repo/github/Mutty/src/tests/Mutty.Tests/bin/Debug/net9.0/nunit.engine.api.dll".
D | Clean                |          Deleting file "/Users/philippe/repo/github/Mutty/src/tests/Mutty.Tests/bin/Debug/net9.0/nunit.engine.core.dll".
D | Clean                |          Deleting file "/Users/philippe/repo/github/Mutty/src/tests/Mutty.Tests/bin/Debug/net9.0/testcentric.engine.metadata.dll".
D | Clean                |          Deleting file "/Users/philippe/repo/github/Mutty/src/tests/Mutty.Tests/bin/Debug/net9.0/NUnit3.TestAdapter.dll".
D | Clean                |          Deleting file "/Users/philippe/repo/github/Mutty/src/tests/Mutty.Tests/bin/Debug/net9.0/Mutty.Tests.deps.json".
D | Clean                |          Deleting file "/Users/philippe/repo/github/Mutty/src/tests/Mutty.Tests/bin/Debug/net9.0/Mutty.Tests.runtimeconfig.json".
D | Clean                |          Deleting file "/Users/philippe/repo/github/Mutty/src/tests/Mutty.Tests/bin/Debug/net9.0/Mutty.Tests.dll".
D | Clean                |          Deleting file "/Users/philippe/repo/github/Mutty/src/tests/Mutty.Tests/bin/Debug/net9.0/Castle.Core.dll".
D | Clean                |          Deleting file "/Users/philippe/repo/github/Mutty/src/tests/Mutty.Tests/bin/Debug/net9.0/DiffPlex.dll".
D | Clean                |          Deleting file "/Users/philippe/repo/github/Mutty/src/tests/Mutty.Tests/bin/Debug/net9.0/FluentAssertions.dll".
D | Clean                |          Deleting file "/Users/philippe/repo/github/Mutty/src/tests/Mutty.Tests/bin/Debug/net9.0/Humanizer.dll".
D | Clean                |          Deleting file "/Users/philippe/repo/github/Mutty/src/tests/Mutty.Tests/bin/Debug/net9.0/Microsoft.ApplicationInsights.dll".
D | Clean                |          Deleting file "/Users/philippe/repo/github/Mutty/src/tests/Mutty.Tests/bin/Debug/net9.0/Microsoft.CodeAnalysis.Analyzer.Testing.dll".
D | Clean                |          Deleting file "/Users/philippe/repo/github/Mutty/src/tests/Mutty.Tests/bin/Debug/net9.0/Microsoft.CodeAnalysis.AnalyzerUtilities.dll".
D | Clean                |          Deleting file "/Users/philippe/repo/github/Mutty/src/tests/Mutty.Tests/bin/Debug/net9.0/Microsoft.CodeAnalysis.CodeFix.Testing.dll".
D | Clean                |          Deleting file "/Users/philippe/repo/github/Mutty/src/tests/Mutty.Tests/bin/Debug/net9.0/Microsoft.CodeAnalysis.CodeRefactoring.Testing.dll".
D | Clean                |          Deleting file "/Users/philippe/repo/github/Mutty/src/tests/Mutty.Tests/bin/Debug/net9.0/Microsoft.CodeAnalysis.dll".
D | Clean                |          Deleting file "/Users/philippe/repo/github/Mutty/src/tests/Mutty.Tests/bin/Debug/net9.0/Microsoft.CodeAnalysis.CSharp.dll".
D | Clean                |          Deleting file "/Users/philippe/repo/github/Mutty/src/tests/Mutty.Tests/bin/Debug/net9.0/Microsoft.CodeAnalysis.CSharp.Analyzer.Testing.dll".
D | Clean                |          Deleting file "/Users/philippe/repo/github/Mutty/src/tests/Mutty.Tests/bin/Debug/net9.0/Microsoft.CodeAnalysis.CSharp.Analyzer.Testing.NUnit.dll".
D | Clean                |          Deleting file "/Users/philippe/repo/github/Mutty/src/tests/Mutty.Tests/bin/Debug/net9.0/Microsoft.CodeAnalysis.CSharp.CodeFix.Testing.dll".
D | Clean                |          Deleting file "/Users/philippe/repo/github/Mutty/src/tests/Mutty.Tests/bin/Debug/net9.0/Microsoft.CodeAnalysis.CSharp.CodeFix.Testing.NUnit.dll".
D | Clean                |          Deleting file "/Users/philippe/repo/github/Mutty/src/tests/Mutty.Tests/bin/Debug/net9.0/Microsoft.CodeAnalysis.CSharp.CodeRefactoring.Testing.dll".
D | Clean                |          Deleting file "/Users/philippe/repo/github/Mutty/src/tests/Mutty.Tests/bin/Debug/net9.0/Microsoft.CodeAnalysis.CSharp.CodeRefactoring.Testing.NUnit.dll".
D | Clean                |          Deleting file "/Users/philippe/repo/github/Mutty/src/tests/Mutty.Tests/bin/Debug/net9.0/Microsoft.CodeAnalysis.CSharp.Workspaces.dll".
D | Clean                |          Deleting file "/Users/philippe/repo/github/Mutty/src/tests/Mutty.Tests/bin/Debug/net9.0/Microsoft.CodeAnalysis.Testing.Verifiers.NUnit.dll".
D | Clean                |          Deleting file "/Users/philippe/repo/github/Mutty/src/tests/Mutty.Tests/bin/Debug/net9.0/Microsoft.CodeAnalysis.Workspaces.dll".
D | Clean                |          Deleting file "/Users/philippe/repo/github/Mutty/src/tests/Mutty.Tests/bin/Debug/net9.0/Microsoft.VisualStudio.CodeCoverage.Shim.dll".
D | Clean                |          Deleting file "/Users/philippe/repo/github/Mutty/src/tests/Mutty.Tests/bin/Debug/net9.0/Microsoft.Testing.Extensions.Telemetry.dll".
D | Clean                |          Deleting file "/Users/philippe/repo/github/Mutty/src/tests/Mutty.Tests/bin/Debug/net9.0/Microsoft.Testing.Extensions.TrxReport.Abstractions.dll".
D | Clean                |          Deleting file "/Users/philippe/repo/github/Mutty/src/tests/Mutty.Tests/bin/Debug/net9.0/Microsoft.Testing.Extensions.VSTestBridge.dll".
D | Clean                |          Deleting file "/Users/philippe/repo/github/Mutty/src/tests/Mutty.Tests/bin/Debug/net9.0/Microsoft.Testing.Platform.dll".
D | Clean                |          Deleting file "/Users/philippe/repo/github/Mutty/src/tests/Mutty.Tests/bin/Debug/net9.0/Microsoft.Testing.Extensions.MSBuild.dll".
D | Clean                |          Deleting file "/Users/philippe/repo/github/Mutty/src/tests/Mutty.Tests/bin/Debug/net9.0/Microsoft.TestPlatform.CoreUtilities.dll".
D | Clean                |          Deleting file "/Users/philippe/repo/github/Mutty/src/tests/Mutty.Tests/bin/Debug/net9.0/Microsoft.TestPlatform.PlatformAbstractions.dll".
D | Clean                |          Deleting file "/Users/philippe/repo/github/Mutty/src/tests/Mutty.Tests/bin/Debug/net9.0/Microsoft.VisualStudio.TestPlatform.ObjectModel.dll".
D | Clean                |          Deleting file "/Users/philippe/repo/github/Mutty/src/tests/Mutty.Tests/bin/Debug/net9.0/Microsoft.TestPlatform.CommunicationUtilities.dll".
D | Clean                |          Deleting file "/Users/philippe/repo/github/Mutty/src/tests/Mutty.Tests/bin/Debug/net9.0/Microsoft.TestPlatform.CrossPlatEngine.dll".
D | Clean                |          Deleting file "/Users/philippe/repo/github/Mutty/src/tests/Mutty.Tests/bin/Debug/net9.0/Microsoft.TestPlatform.Utilities.dll".
D | Clean                |          Deleting file "/Users/philippe/repo/github/Mutty/src/tests/Mutty.Tests/bin/Debug/net9.0/Microsoft.VisualStudio.TestPlatform.Common.dll".
D | Clean                |          Deleting file "/Users/philippe/repo/github/Mutty/src/tests/Mutty.Tests/bin/Debug/net9.0/testhost.dll".
D | Clean                |          Deleting file "/Users/philippe/repo/github/Mutty/src/tests/Mutty.Tests/bin/Debug/net9.0/Microsoft.VisualStudio.Composition.dll".
D | Clean                |          Deleting file "/Users/philippe/repo/github/Mutty/src/tests/Mutty.Tests/bin/Debug/net9.0/Microsoft.VisualStudio.Composition.NetFxAttributes.dll".
D | Clean                |          Deleting file "/Users/philippe/repo/github/Mutty/src/tests/Mutty.Tests/bin/Debug/net9.0/Microsoft.VisualStudio.Validation.dll".
D | Clean                |          Deleting file "/Users/philippe/repo/github/Mutty/src/tests/Mutty.Tests/bin/Debug/net9.0/Moq.dll".
D | Clean                |          Deleting file "/Users/philippe/repo/github/Mutty/src/tests/Mutty.Tests/bin/Debug/net9.0/Newtonsoft.Json.dll".
D | Clean                |          Deleting file "/Users/philippe/repo/github/Mutty/src/tests/Mutty.Tests/bin/Debug/net9.0/NuGet.Common.dll".
D | Clean                |          Deleting file "/Users/philippe/repo/github/Mutty/src/tests/Mutty.Tests/bin/Debug/net9.0/NuGet.Configuration.dll".
D | Clean                |          Deleting file "/Users/philippe/repo/github/Mutty/src/tests/Mutty.Tests/bin/Debug/net9.0/NuGet.Frameworks.dll".
D | Clean                |          Deleting file "/Users/philippe/repo/github/Mutty/src/tests/Mutty.Tests/bin/Debug/net9.0/NuGet.Packaging.dll".
D | Clean                |          Deleting file "/Users/philippe/repo/github/Mutty/src/tests/Mutty.Tests/bin/Debug/net9.0/NuGet.Protocol.dll".
D | Clean                |          Deleting file "/Users/philippe/repo/github/Mutty/src/tests/Mutty.Tests/bin/Debug/net9.0/NuGet.Resolver.dll".
D | Clean                |          Deleting file "/Users/philippe/repo/github/Mutty/src/tests/Mutty.Tests/bin/Debug/net9.0/NuGet.Versioning.dll".
D | Clean                |          Deleting file "/Users/philippe/repo/github/Mutty/src/tests/Mutty.Tests/bin/Debug/net9.0/nunit.framework.dll".
D | Clean                |          Deleting file "/Users/philippe/repo/github/Mutty/src/tests/Mutty.Tests/bin/Debug/net9.0/nunit.framework.legacy.dll".
D | Clean                |          Deleting file "/Users/philippe/repo/github/Mutty/src/tests/Mutty.Tests/bin/Debug/net9.0/Snapshooter.dll".
D | Clean                |          Deleting file "/Users/philippe/repo/github/Mutty/src/tests/Mutty.Tests/bin/Debug/net9.0/Snapshooter.Xunit.dll".
D | Clean                |          Deleting file "/Users/philippe/repo/github/Mutty/src/tests/Mutty.Tests/bin/Debug/net9.0/System.ComponentModel.Composition.dll".
D | Clean                |          Deleting file "/Users/philippe/repo/github/Mutty/src/tests/Mutty.Tests/bin/Debug/net9.0/System.Composition.AttributedModel.dll".
D | Clean                |          Deleting file "/Users/philippe/repo/github/Mutty/src/tests/Mutty.Tests/bin/Debug/net9.0/System.Composition.Convention.dll".
D | Clean                |          Deleting file "/Users/philippe/repo/github/Mutty/src/tests/Mutty.Tests/bin/Debug/net9.0/System.Composition.Hosting.dll".
D | Clean                |          Deleting file "/Users/philippe/repo/github/Mutty/src/tests/Mutty.Tests/bin/Debug/net9.0/System.Composition.Runtime.dll".
D | Clean                |          Deleting file "/Users/philippe/repo/github/Mutty/src/tests/Mutty.Tests/bin/Debug/net9.0/System.Composition.TypedParts.dll".
D | Clean                |          Deleting file "/Users/philippe/repo/github/Mutty/src/tests/Mutty.Tests/bin/Debug/net9.0/System.Configuration.ConfigurationManager.dll".
D | Clean                |          Deleting file "/Users/philippe/repo/github/Mutty/src/tests/Mutty.Tests/bin/Debug/net9.0/System.Diagnostics.EventLog.dll".
D | Clean                |          Deleting file "/Users/philippe/repo/github/Mutty/src/tests/Mutty.Tests/bin/Debug/net9.0/System.Security.Cryptography.Pkcs.dll".
D | Clean                |          Deleting file "/Users/philippe/repo/github/Mutty/src/tests/Mutty.Tests/bin/Debug/net9.0/System.Security.Cryptography.ProtectedData.dll".
D | Clean                |          Deleting file "/Users/philippe/repo/github/Mutty/src/tests/Mutty.Tests/bin/Debug/net9.0/System.Security.Permissions.dll".
D | Clean                |          Deleting file "/Users/philippe/repo/github/Mutty/src/tests/Mutty.Tests/bin/Debug/net9.0/xunit.abstractions.dll".
D | Clean                |          Deleting file "/Users/philippe/repo/github/Mutty/src/tests/Mutty.Tests/bin/Debug/net9.0/xunit.assert.dll".
D | Clean                |          Deleting file "/Users/philippe/repo/github/Mutty/src/tests/Mutty.Tests/bin/Debug/net9.0/xunit.core.dll".
D | Clean                |          Deleting file "/Users/philippe/repo/github/Mutty/src/tests/Mutty.Tests/bin/Debug/net9.0/xunit.execution.dotnet.dll".
D | Clean                |          Deleting file "/Users/philippe/repo/github/Mutty/src/tests/Mutty.Tests/bin/Debug/net9.0/cs/Microsoft.CodeAnalysis.resources.dll".
D | Clean                |          Deleting file "/Users/philippe/repo/github/Mutty/src/tests/Mutty.Tests/bin/Debug/net9.0/de/Microsoft.CodeAnalysis.resources.dll".
D | Clean                |          Deleting file "/Users/philippe/repo/github/Mutty/src/tests/Mutty.Tests/bin/Debug/net9.0/es/Microsoft.CodeAnalysis.resources.dll".
D | Clean                |          Deleting file "/Users/philippe/repo/github/Mutty/src/tests/Mutty.Tests/bin/Debug/net9.0/fr/Microsoft.CodeAnalysis.resources.dll".
D | Clean                |          Deleting file "/Users/philippe/repo/github/Mutty/src/tests/Mutty.Tests/bin/Debug/net9.0/it/Microsoft.CodeAnalysis.resources.dll".
D | Clean                |          Deleting file "/Users/philippe/repo/github/Mutty/src/tests/Mutty.Tests/bin/Debug/net9.0/ja/Microsoft.CodeAnalysis.resources.dll".
D | Clean                |          Deleting file "/Users/philippe/repo/github/Mutty/src/tests/Mutty.Tests/bin/Debug/net9.0/ko/Microsoft.CodeAnalysis.resources.dll".
D | Clean                |          Deleting file "/Users/philippe/repo/github/Mutty/src/tests/Mutty.Tests/bin/Debug/net9.0/pl/Microsoft.CodeAnalysis.resources.dll".
D | Clean                |          Deleting file "/Users/philippe/repo/github/Mutty/src/tests/Mutty.Tests/bin/Debug/net9.0/pt-BR/Microsoft.CodeAnalysis.resources.dll".
D | Clean                |          Deleting file "/Users/philippe/repo/github/Mutty/src/tests/Mutty.Tests/bin/Debug/net9.0/ru/Microsoft.CodeAnalysis.resources.dll".
D | Clean                |          Deleting file "/Users/philippe/repo/github/Mutty/src/tests/Mutty.Tests/bin/Debug/net9.0/tr/Microsoft.CodeAnalysis.resources.dll".
D | Clean                |          Deleting file "/Users/philippe/repo/github/Mutty/src/tests/Mutty.Tests/bin/Debug/net9.0/zh-Hans/Microsoft.CodeAnalysis.resources.dll".
D | Clean                |          Deleting file "/Users/philippe/repo/github/Mutty/src/tests/Mutty.Tests/bin/Debug/net9.0/zh-Hant/Microsoft.CodeAnalysis.resources.dll".
D | Clean                |          Deleting file "/Users/philippe/repo/github/Mutty/src/tests/Mutty.Tests/bin/Debug/net9.0/cs/Microsoft.CodeAnalysis.CSharp.resources.dll".
D | Clean                |          Deleting file "/Users/philippe/repo/github/Mutty/src/tests/Mutty.Tests/bin/Debug/net9.0/de/Microsoft.CodeAnalysis.CSharp.resources.dll".
D | Clean                |          Deleting file "/Users/philippe/repo/github/Mutty/src/tests/Mutty.Tests/bin/Debug/net9.0/es/Microsoft.CodeAnalysis.CSharp.resources.dll".
D | Clean                |          Deleting file "/Users/philippe/repo/github/Mutty/src/tests/Mutty.Tests/bin/Debug/net9.0/fr/Microsoft.CodeAnalysis.CSharp.resources.dll".
D | Clean                |          Deleting file "/Users/philippe/repo/github/Mutty/src/tests/Mutty.Tests/bin/Debug/net9.0/it/Microsoft.CodeAnalysis.CSharp.resources.dll".
D | Clean                |          Deleting file "/Users/philippe/repo/github/Mutty/src/tests/Mutty.Tests/bin/Debug/net9.0/ja/Microsoft.CodeAnalysis.CSharp.resources.dll".
D | Clean                |          Deleting file "/Users/philippe/repo/github/Mutty/src/tests/Mutty.Tests/bin/Debug/net9.0/ko/Microsoft.CodeAnalysis.CSharp.resources.dll".
D | Clean                |          Deleting file "/Users/philippe/repo/github/Mutty/src/tests/Mutty.Tests/bin/Debug/net9.0/pl/Microsoft.CodeAnalysis.CSharp.resources.dll".
D | Clean                |          Deleting file "/Users/philippe/repo/github/Mutty/src/tests/Mutty.Tests/bin/Debug/net9.0/pt-BR/Microsoft.CodeAnalysis.CSharp.resources.dll".
D | Clean                |          Deleting file "/Users/philippe/repo/github/Mutty/src/tests/Mutty.Tests/bin/Debug/net9.0/ru/Microsoft.CodeAnalysis.CSharp.resources.dll".
D | Clean                |          Deleting file "/Users/philippe/repo/github/Mutty/src/tests/Mutty.Tests/bin/Debug/net9.0/tr/Microsoft.CodeAnalysis.CSharp.resources.dll".
D | Clean                |          Deleting file "/Users/philippe/repo/github/Mutty/src/tests/Mutty.Tests/bin/Debug/net9.0/zh-Hans/Microsoft.CodeAnalysis.CSharp.resources.dll".
D | Clean                |          Deleting file "/Users/philippe/repo/github/Mutty/src/tests/Mutty.Tests/bin/Debug/net9.0/zh-Hant/Microsoft.CodeAnalysis.CSharp.resources.dll".
D | Clean                |          Deleting file "/Users/philippe/repo/github/Mutty/src/tests/Mutty.Tests/bin/Debug/net9.0/cs/Microsoft.CodeAnalysis.CSharp.Workspaces.resources.dll".
D | Clean                |          Deleting file "/Users/philippe/repo/github/Mutty/src/tests/Mutty.Tests/bin/Debug/net9.0/de/Microsoft.CodeAnalysis.CSharp.Workspaces.resources.dll".
D | Clean                |          Deleting file "/Users/philippe/repo/github/Mutty/src/tests/Mutty.Tests/bin/Debug/net9.0/es/Microsoft.CodeAnalysis.CSharp.Workspaces.resources.dll".
D | Clean                |          Deleting file "/Users/philippe/repo/github/Mutty/src/tests/Mutty.Tests/bin/Debug/net9.0/fr/Microsoft.CodeAnalysis.CSharp.Workspaces.resources.dll".
D | Clean                |          Deleting file "/Users/philippe/repo/github/Mutty/src/tests/Mutty.Tests/bin/Debug/net9.0/it/Microsoft.CodeAnalysis.CSharp.Workspaces.resources.dll".
D | Clean                |          Deleting file "/Users/philippe/repo/github/Mutty/src/tests/Mutty.Tests/bin/Debug/net9.0/ja/Microsoft.CodeAnalysis.CSharp.Workspaces.resources.dll".
D | Clean                |          Deleting file "/Users/philippe/repo/github/Mutty/src/tests/Mutty.Tests/bin/Debug/net9.0/ko/Microsoft.CodeAnalysis.CSharp.Workspaces.resources.dll".
D | Clean                |          Deleting file "/Users/philippe/repo/github/Mutty/src/tests/Mutty.Tests/bin/Debug/net9.0/pl/Microsoft.CodeAnalysis.CSharp.Workspaces.resources.dll".
D | Clean                |          Deleting file "/Users/philippe/repo/github/Mutty/src/tests/Mutty.Tests/bin/Debug/net9.0/pt-BR/Microsoft.CodeAnalysis.CSharp.Workspaces.resources.dll".
D | Clean                |          Deleting file "/Users/philippe/repo/github/Mutty/src/tests/Mutty.Tests/bin/Debug/net9.0/ru/Microsoft.CodeAnalysis.CSharp.Workspaces.resources.dll".
D | Clean                |          Deleting file "/Users/philippe/repo/github/Mutty/src/tests/Mutty.Tests/bin/Debug/net9.0/tr/Microsoft.CodeAnalysis.CSharp.Workspaces.resources.dll".
D | Clean                |          Deleting file "/Users/philippe/repo/github/Mutty/src/tests/Mutty.Tests/bin/Debug/net9.0/zh-Hans/Microsoft.CodeAnalysis.CSharp.Workspaces.resources.dll".
D | Clean                |          Deleting file "/Users/philippe/repo/github/Mutty/src/tests/Mutty.Tests/bin/Debug/net9.0/zh-Hant/Microsoft.CodeAnalysis.CSharp.Workspaces.resources.dll".
D | Clean                |          Deleting file "/Users/philippe/repo/github/Mutty/src/tests/Mutty.Tests/bin/Debug/net9.0/cs/Microsoft.CodeAnalysis.Workspaces.resources.dll".
D | Clean                |          Deleting file "/Users/philippe/repo/github/Mutty/src/tests/Mutty.Tests/bin/Debug/net9.0/de/Microsoft.CodeAnalysis.Workspaces.resources.dll".
D | Clean                |          Deleting file "/Users/philippe/repo/github/Mutty/src/tests/Mutty.Tests/bin/Debug/net9.0/es/Microsoft.CodeAnalysis.Workspaces.resources.dll".
D | Clean                |          Deleting file "/Users/philippe/repo/github/Mutty/src/tests/Mutty.Tests/bin/Debug/net9.0/fr/Microsoft.CodeAnalysis.Workspaces.resources.dll".
D | Clean                |          Deleting file "/Users/philippe/repo/github/Mutty/src/tests/Mutty.Tests/bin/Debug/net9.0/it/Microsoft.CodeAnalysis.Workspaces.resources.dll".
D | Clean                |          Deleting file "/Users/philippe/repo/github/Mutty/src/tests/Mutty.Tests/bin/Debug/net9.0/ja/Microsoft.CodeAnalysis.Workspaces.resources.dll".
D | Clean                |          Deleting file "/Users/philippe/repo/github/Mutty/src/tests/Mutty.Tests/bin/Debug/net9.0/ko/Microsoft.CodeAnalysis.Workspaces.resources.dll".
D | Clean                |          Deleting file "/Users/philippe/repo/github/Mutty/src/tests/Mutty.Tests/bin/Debug/net9.0/pl/Microsoft.CodeAnalysis.Workspaces.resources.dll".
D | Clean                |          Deleting file "/Users/philippe/repo/github/Mutty/src/tests/Mutty.Tests/bin/Debug/net9.0/pt-BR/Microsoft.CodeAnalysis.Workspaces.resources.dll".
D | Clean                |          Deleting file "/Users/philippe/repo/github/Mutty/src/tests/Mutty.Tests/bin/Debug/net9.0/ru/Microsoft.CodeAnalysis.Workspaces.resources.dll".
D | Clean                |          Deleting file "/Users/philippe/repo/github/Mutty/src/tests/Mutty.Tests/bin/Debug/net9.0/tr/Microsoft.CodeAnalysis.Workspaces.resources.dll".
D | Clean                |          Deleting file "/Users/philippe/repo/github/Mutty/src/tests/Mutty.Tests/bin/Debug/net9.0/zh-Hans/Microsoft.CodeAnalysis.Workspaces.resources.dll".
D | Clean                |          Deleting file "/Users/philippe/repo/github/Mutty/src/tests/Mutty.Tests/bin/Debug/net9.0/zh-Hant/Microsoft.CodeAnalysis.Workspaces.resources.dll".
D | Clean                |          Deleting file "/Users/philippe/repo/github/Mutty/src/tests/Mutty.Tests/bin/Debug/net9.0/cs/Microsoft.Testing.Extensions.Telemetry.resources.dll".
D | Clean                |          Deleting file "/Users/philippe/repo/github/Mutty/src/tests/Mutty.Tests/bin/Debug/net9.0/de/Microsoft.Testing.Extensions.Telemetry.resources.dll".
D | Clean                |          Deleting file "/Users/philippe/repo/github/Mutty/src/tests/Mutty.Tests/bin/Debug/net9.0/es/Microsoft.Testing.Extensions.Telemetry.resources.dll".
D | Clean                |          Deleting file "/Users/philippe/repo/github/Mutty/src/tests/Mutty.Tests/bin/Debug/net9.0/fr/Microsoft.Testing.Extensions.Telemetry.resources.dll".
D | Clean                |          Deleting file "/Users/philippe/repo/github/Mutty/src/tests/Mutty.Tests/bin/Debug/net9.0/it/Microsoft.Testing.Extensions.Telemetry.resources.dll".
D | Clean                |          Deleting file "/Users/philippe/repo/github/Mutty/src/tests/Mutty.Tests/bin/Debug/net9.0/ja/Microsoft.Testing.Extensions.Telemetry.resources.dll".
D | Clean                |          Deleting file "/Users/philippe/repo/github/Mutty/src/tests/Mutty.Tests/bin/Debug/net9.0/ko/Microsoft.Testing.Extensions.Telemetry.resources.dll".
D | Clean                |          Deleting file "/Users/philippe/repo/github/Mutty/src/tests/Mutty.Tests/bin/Debug/net9.0/pl/Microsoft.Testing.Extensions.Telemetry.resources.dll".
D | Clean                |          Deleting file "/Users/philippe/repo/github/Mutty/src/tests/Mutty.Tests/bin/Debug/net9.0/pt-BR/Microsoft.Testing.Extensions.Telemetry.resources.dll".
D | Clean                |          Deleting file "/Users/philippe/repo/github/Mutty/src/tests/Mutty.Tests/bin/Debug/net9.0/ru/Microsoft.Testing.Extensions.Telemetry.resources.dll".
D | Clean                |          Deleting file "/Users/philippe/repo/github/Mutty/src/tests/Mutty.Tests/bin/Debug/net9.0/tr/Microsoft.Testing.Extensions.Telemetry.resources.dll".
D | Clean                |          Deleting file "/Users/philippe/repo/github/Mutty/src/tests/Mutty.Tests/bin/Debug/net9.0/zh-Hans/Microsoft.Testing.Extensions.Telemetry.resources.dll".
D | Clean                |          Deleting file "/Users/philippe/repo/github/Mutty/src/tests/Mutty.Tests/bin/Debug/net9.0/zh-Hant/Microsoft.Testing.Extensions.Telemetry.resources.dll".
D | Clean                |          Deleting file "/Users/philippe/repo/github/Mutty/src/tests/Mutty.Tests/bin/Debug/net9.0/cs/Microsoft.Testing.Extensions.VSTestBridge.resources.dll".
D | Clean                |          Deleting file "/Users/philippe/repo/github/Mutty/src/tests/Mutty.Tests/bin/Debug/net9.0/de/Microsoft.Testing.Extensions.VSTestBridge.resources.dll".
D | Clean                |          Deleting file "/Users/philippe/repo/github/Mutty/src/tests/Mutty.Tests/bin/Debug/net9.0/es/Microsoft.Testing.Extensions.VSTestBridge.resources.dll".
D | Clean                |          Deleting file "/Users/philippe/repo/github/Mutty/src/tests/Mutty.Tests/bin/Debug/net9.0/fr/Microsoft.Testing.Extensions.VSTestBridge.resources.dll".
D | Clean                |          Deleting file "/Users/philippe/repo/github/Mutty/src/tests/Mutty.Tests/bin/Debug/net9.0/it/Microsoft.Testing.Extensions.VSTestBridge.resources.dll".
D | Clean                |          Deleting file "/Users/philippe/repo/github/Mutty/src/tests/Mutty.Tests/bin/Debug/net9.0/ja/Microsoft.Testing.Extensions.VSTestBridge.resources.dll".
D | Clean                |          Deleting file "/Users/philippe/repo/github/Mutty/src/tests/Mutty.Tests/bin/Debug/net9.0/ko/Microsoft.Testing.Extensions.VSTestBridge.resources.dll".
D | Clean                |          Deleting file "/Users/philippe/repo/github/Mutty/src/tests/Mutty.Tests/bin/Debug/net9.0/pl/Microsoft.Testing.Extensions.VSTestBridge.resources.dll".
D | Clean                |          Deleting file "/Users/philippe/repo/github/Mutty/src/tests/Mutty.Tests/bin/Debug/net9.0/pt-BR/Microsoft.Testing.Extensions.VSTestBridge.resources.dll".
D | Clean                |          Deleting file "/Users/philippe/repo/github/Mutty/src/tests/Mutty.Tests/bin/Debug/net9.0/ru/Microsoft.Testing.Extensions.VSTestBridge.resources.dll".
D | Clean                |          Deleting file "/Users/philippe/repo/github/Mutty/src/tests/Mutty.Tests/bin/Debug/net9.0/tr/Microsoft.Testing.Extensions.VSTestBridge.resources.dll".
D | Clean                |          Deleting file "/Users/philippe/repo/github/Mutty/src/tests/Mutty.Tests/bin/Debug/net9.0/zh-Hans/Microsoft.Testing.Extensions.VSTestBridge.resources.dll".
D | Clean                |          Deleting file "/Users/philippe/repo/github/Mutty/src/tests/Mutty.Tests/bin/Debug/net9.0/zh-Hant/Microsoft.Testing.Extensions.VSTestBridge.resources.dll".
D | Clean                |          Deleting file "/Users/philippe/repo/github/Mutty/src/tests/Mutty.Tests/bin/Debug/net9.0/cs/Microsoft.Testing.Platform.resources.dll".
D | Clean                |          Deleting file "/Users/philippe/repo/github/Mutty/src/tests/Mutty.Tests/bin/Debug/net9.0/de/Microsoft.Testing.Platform.resources.dll".
D | Clean                |          Deleting file "/Users/philippe/repo/github/Mutty/src/tests/Mutty.Tests/bin/Debug/net9.0/es/Microsoft.Testing.Platform.resources.dll".
D | Clean                |          Deleting file "/Users/philippe/repo/github/Mutty/src/tests/Mutty.Tests/bin/Debug/net9.0/fr/Microsoft.Testing.Platform.resources.dll".
D | Clean                |          Deleting file "/Users/philippe/repo/github/Mutty/src/tests/Mutty.Tests/bin/Debug/net9.0/it/Microsoft.Testing.Platform.resources.dll".
D | Clean                |          Deleting file "/Users/philippe/repo/github/Mutty/src/tests/Mutty.Tests/bin/Debug/net9.0/ja/Microsoft.Testing.Platform.resources.dll".
D | Clean                |          Deleting file "/Users/philippe/repo/github/Mutty/src/tests/Mutty.Tests/bin/Debug/net9.0/ko/Microsoft.Testing.Platform.resources.dll".
D | Clean                |          Deleting file "/Users/philippe/repo/github/Mutty/src/tests/Mutty.Tests/bin/Debug/net9.0/pl/Microsoft.Testing.Platform.resources.dll".
D | Clean                |          Deleting file "/Users/philippe/repo/github/Mutty/src/tests/Mutty.Tests/bin/Debug/net9.0/pt-BR/Microsoft.Testing.Platform.resources.dll".
D | Clean                |          Deleting file "/Users/philippe/repo/github/Mutty/src/tests/Mutty.Tests/bin/Debug/net9.0/ru/Microsoft.Testing.Platform.resources.dll".
D | Clean                |          Deleting file "/Users/philippe/repo/github/Mutty/src/tests/Mutty.Tests/bin/Debug/net9.0/tr/Microsoft.Testing.Platform.resources.dll".
D | Clean                |          Deleting file "/Users/philippe/repo/github/Mutty/src/tests/Mutty.Tests/bin/Debug/net9.0/zh-Hans/Microsoft.Testing.Platform.resources.dll".
D | Clean                |          Deleting file "/Users/philippe/repo/github/Mutty/src/tests/Mutty.Tests/bin/Debug/net9.0/zh-Hant/Microsoft.Testing.Platform.resources.dll".
D | Clean                |          Deleting file "/Users/philippe/repo/github/Mutty/src/tests/Mutty.Tests/bin/Debug/net9.0/cs/Microsoft.Testing.Extensions.MSBuild.resources.dll".
D | Clean                |          Deleting file "/Users/philippe/repo/github/Mutty/src/tests/Mutty.Tests/bin/Debug/net9.0/de/Microsoft.Testing.Extensions.MSBuild.resources.dll".
D | Clean                |          Deleting file "/Users/philippe/repo/github/Mutty/src/tests/Mutty.Tests/bin/Debug/net9.0/es/Microsoft.Testing.Extensions.MSBuild.resources.dll".
D | Clean                |          Deleting file "/Users/philippe/repo/github/Mutty/src/tests/Mutty.Tests/bin/Debug/net9.0/fr/Microsoft.Testing.Extensions.MSBuild.resources.dll".
D | Clean                |          Deleting file "/Users/philippe/repo/github/Mutty/src/tests/Mutty.Tests/bin/Debug/net9.0/it/Microsoft.Testing.Extensions.MSBuild.resources.dll".
D | Clean                |          Deleting file "/Users/philippe/repo/github/Mutty/src/tests/Mutty.Tests/bin/Debug/net9.0/ja/Microsoft.Testing.Extensions.MSBuild.resources.dll".
D | Clean                |          Deleting file "/Users/philippe/repo/github/Mutty/src/tests/Mutty.Tests/bin/Debug/net9.0/ko/Microsoft.Testing.Extensions.MSBuild.resources.dll".
D | Clean                |          Deleting file "/Users/philippe/repo/github/Mutty/src/tests/Mutty.Tests/bin/Debug/net9.0/pl/Microsoft.Testing.Extensions.MSBuild.resources.dll".
D | Clean                |          Deleting file "/Users/philippe/repo/github/Mutty/src/tests/Mutty.Tests/bin/Debug/net9.0/pt-BR/Microsoft.Testing.Extensions.MSBuild.resources.dll".
D | Clean                |          Deleting file "/Users/philippe/repo/github/Mutty/src/tests/Mutty.Tests/bin/Debug/net9.0/ru/Microsoft.Testing.Extensions.MSBuild.resources.dll".
D | Clean                |          Deleting file "/Users/philippe/repo/github/Mutty/src/tests/Mutty.Tests/bin/Debug/net9.0/tr/Microsoft.Testing.Extensions.MSBuild.resources.dll".
D | Clean                |          Deleting file "/Users/philippe/repo/github/Mutty/src/tests/Mutty.Tests/bin/Debug/net9.0/zh-Hans/Microsoft.Testing.Extensions.MSBuild.resources.dll".
D | Clean                |          Deleting file "/Users/philippe/repo/github/Mutty/src/tests/Mutty.Tests/bin/Debug/net9.0/zh-Hant/Microsoft.Testing.Extensions.MSBuild.resources.dll".
D | Clean                |          Deleting file "/Users/philippe/repo/github/Mutty/src/tests/Mutty.Tests/bin/Debug/net9.0/cs/Microsoft.TestPlatform.CoreUtilities.resources.dll".
D | Clean                |          Deleting file "/Users/philippe/repo/github/Mutty/src/tests/Mutty.Tests/bin/Debug/net9.0/cs/Microsoft.VisualStudio.TestPlatform.ObjectModel.resources.dll".
D | Clean                |          Deleting file "/Users/philippe/repo/github/Mutty/src/tests/Mutty.Tests/bin/Debug/net9.0/de/Microsoft.TestPlatform.CoreUtilities.resources.dll".
D | Clean                |          Deleting file "/Users/philippe/repo/github/Mutty/src/tests/Mutty.Tests/bin/Debug/net9.0/de/Microsoft.VisualStudio.TestPlatform.ObjectModel.resources.dll".
D | Clean                |          Deleting file "/Users/philippe/repo/github/Mutty/src/tests/Mutty.Tests/bin/Debug/net9.0/es/Microsoft.TestPlatform.CoreUtilities.resources.dll".
D | Clean                |          Deleting file "/Users/philippe/repo/github/Mutty/src/tests/Mutty.Tests/bin/Debug/net9.0/es/Microsoft.VisualStudio.TestPlatform.ObjectModel.resources.dll".
D | Clean                |          Deleting file "/Users/philippe/repo/github/Mutty/src/tests/Mutty.Tests/bin/Debug/net9.0/fr/Microsoft.TestPlatform.CoreUtilities.resources.dll".
D | Clean                |          Deleting file "/Users/philippe/repo/github/Mutty/src/tests/Mutty.Tests/bin/Debug/net9.0/fr/Microsoft.VisualStudio.TestPlatform.ObjectModel.resources.dll".
D | Clean                |          Deleting file "/Users/philippe/repo/github/Mutty/src/tests/Mutty.Tests/bin/Debug/net9.0/it/Microsoft.TestPlatform.CoreUtilities.resources.dll".
D | Clean                |          Deleting file "/Users/philippe/repo/github/Mutty/src/tests/Mutty.Tests/bin/Debug/net9.0/it/Microsoft.VisualStudio.TestPlatform.ObjectModel.resources.dll".
D | Clean                |          Deleting file "/Users/philippe/repo/github/Mutty/src/tests/Mutty.Tests/bin/Debug/net9.0/ja/Microsoft.TestPlatform.CoreUtilities.resources.dll".
D | Clean                |          Deleting file "/Users/philippe/repo/github/Mutty/src/tests/Mutty.Tests/bin/Debug/net9.0/ja/Microsoft.VisualStudio.TestPlatform.ObjectModel.resources.dll".
D | Clean                |          Deleting file "/Users/philippe/repo/github/Mutty/src/tests/Mutty.Tests/bin/Debug/net9.0/ko/Microsoft.TestPlatform.CoreUtilities.resources.dll".
D | Clean                |          Deleting file "/Users/philippe/repo/github/Mutty/src/tests/Mutty.Tests/bin/Debug/net9.0/ko/Microsoft.VisualStudio.TestPlatform.ObjectModel.resources.dll".
D | Clean                |          Deleting file "/Users/philippe/repo/github/Mutty/src/tests/Mutty.Tests/bin/Debug/net9.0/pl/Microsoft.TestPlatform.CoreUtilities.resources.dll".
D | Clean                |          Deleting file "/Users/philippe/repo/github/Mutty/src/tests/Mutty.Tests/bin/Debug/net9.0/pl/Microsoft.VisualStudio.TestPlatform.ObjectModel.resources.dll".
D | Clean                |          Deleting file "/Users/philippe/repo/github/Mutty/src/tests/Mutty.Tests/bin/Debug/net9.0/pt-BR/Microsoft.TestPlatform.CoreUtilities.resources.dll".
D | Clean                |          Deleting file "/Users/philippe/repo/github/Mutty/src/tests/Mutty.Tests/bin/Debug/net9.0/pt-BR/Microsoft.VisualStudio.TestPlatform.ObjectModel.resources.dll".
D | Clean                |          Deleting file "/Users/philippe/repo/github/Mutty/src/tests/Mutty.Tests/bin/Debug/net9.0/ru/Microsoft.TestPlatform.CoreUtilities.resources.dll".
D | Clean                |          Deleting file "/Users/philippe/repo/github/Mutty/src/tests/Mutty.Tests/bin/Debug/net9.0/ru/Microsoft.VisualStudio.TestPlatform.ObjectModel.resources.dll".
D | Clean                |          Deleting file "/Users/philippe/repo/github/Mutty/src/tests/Mutty.Tests/bin/Debug/net9.0/tr/Microsoft.TestPlatform.CoreUtilities.resources.dll".
D | Clean                |          Deleting file "/Users/philippe/repo/github/Mutty/src/tests/Mutty.Tests/bin/Debug/net9.0/tr/Microsoft.VisualStudio.TestPlatform.ObjectModel.resources.dll".
D | Clean                |          Deleting file "/Users/philippe/repo/github/Mutty/src/tests/Mutty.Tests/bin/Debug/net9.0/zh-Hans/Microsoft.TestPlatform.CoreUtilities.resources.dll".
D | Clean                |          Deleting file "/Users/philippe/repo/github/Mutty/src/tests/Mutty.Tests/bin/Debug/net9.0/zh-Hans/Microsoft.VisualStudio.TestPlatform.ObjectModel.resources.dll".
D | Clean                |          Deleting file "/Users/philippe/repo/github/Mutty/src/tests/Mutty.Tests/bin/Debug/net9.0/zh-Hant/Microsoft.TestPlatform.CoreUtilities.resources.dll".
D | Clean                |          Deleting file "/Users/philippe/repo/github/Mutty/src/tests/Mutty.Tests/bin/Debug/net9.0/zh-Hant/Microsoft.VisualStudio.TestPlatform.ObjectModel.resources.dll".
D | Clean                |          Deleting file "/Users/philippe/repo/github/Mutty/src/tests/Mutty.Tests/bin/Debug/net9.0/cs/Microsoft.TestPlatform.CommunicationUtilities.resources.dll".
D | Clean                |          Deleting file "/Users/philippe/repo/github/Mutty/src/tests/Mutty.Tests/bin/Debug/net9.0/cs/Microsoft.TestPlatform.CrossPlatEngine.resources.dll".
D | Clean                |          Deleting file "/Users/philippe/repo/github/Mutty/src/tests/Mutty.Tests/bin/Debug/net9.0/cs/Microsoft.VisualStudio.TestPlatform.Common.resources.dll".
D | Clean                |          Deleting file "/Users/philippe/repo/github/Mutty/src/tests/Mutty.Tests/bin/Debug/net9.0/de/Microsoft.TestPlatform.CommunicationUtilities.resources.dll".
D | Clean                |          Deleting file "/Users/philippe/repo/github/Mutty/src/tests/Mutty.Tests/bin/Debug/net9.0/de/Microsoft.TestPlatform.CrossPlatEngine.resources.dll".
D | Clean                |          Deleting file "/Users/philippe/repo/github/Mutty/src/tests/Mutty.Tests/bin/Debug/net9.0/de/Microsoft.VisualStudio.TestPlatform.Common.resources.dll".
D | Clean                |          Deleting file "/Users/philippe/repo/github/Mutty/src/tests/Mutty.Tests/bin/Debug/net9.0/es/Microsoft.TestPlatform.CommunicationUtilities.resources.dll".
D | Clean                |          Deleting file "/Users/philippe/repo/github/Mutty/src/tests/Mutty.Tests/bin/Debug/net9.0/es/Microsoft.TestPlatform.CrossPlatEngine.resources.dll".
D | Clean                |          Deleting file "/Users/philippe/repo/github/Mutty/src/tests/Mutty.Tests/bin/Debug/net9.0/es/Microsoft.VisualStudio.TestPlatform.Common.resources.dll".
D | Clean                |          Deleting file "/Users/philippe/repo/github/Mutty/src/tests/Mutty.Tests/bin/Debug/net9.0/fr/Microsoft.TestPlatform.CommunicationUtilities.resources.dll".
D | Clean                |          Deleting file "/Users/philippe/repo/github/Mutty/src/tests/Mutty.Tests/bin/Debug/net9.0/fr/Microsoft.TestPlatform.CrossPlatEngine.resources.dll".
D | Clean                |          Deleting file "/Users/philippe/repo/github/Mutty/src/tests/Mutty.Tests/bin/Debug/net9.0/fr/Microsoft.VisualStudio.TestPlatform.Common.resources.dll".
D | Clean                |          Deleting file "/Users/philippe/repo/github/Mutty/src/tests/Mutty.Tests/bin/Debug/net9.0/it/Microsoft.TestPlatform.CommunicationUtilities.resources.dll".
D | Clean                |          Deleting file "/Users/philippe/repo/github/Mutty/src/tests/Mutty.Tests/bin/Debug/net9.0/it/Microsoft.TestPlatform.CrossPlatEngine.resources.dll".
D | Clean                |          Deleting file "/Users/philippe/repo/github/Mutty/src/tests/Mutty.Tests/bin/Debug/net9.0/it/Microsoft.VisualStudio.TestPlatform.Common.resources.dll".
D | Clean                |          Deleting file "/Users/philippe/repo/github/Mutty/src/tests/Mutty.Tests/bin/Debug/net9.0/ja/Microsoft.TestPlatform.CommunicationUtilities.resources.dll".
D | Clean                |          Deleting file "/Users/philippe/repo/github/Mutty/src/tests/Mutty.Tests/bin/Debug/net9.0/ja/Microsoft.TestPlatform.CrossPlatEngine.resources.dll".
D | Clean                |          Deleting file "/Users/philippe/repo/github/Mutty/src/tests/Mutty.Tests/bin/Debug/net9.0/ja/Microsoft.VisualStudio.TestPlatform.Common.resources.dll".
D | Clean                |          Deleting file "/Users/philippe/repo/github/Mutty/src/tests/Mutty.Tests/bin/Debug/net9.0/ko/Microsoft.TestPlatform.CommunicationUtilities.resources.dll".
D | Clean                |          Deleting file "/Users/philippe/repo/github/Mutty/src/tests/Mutty.Tests/bin/Debug/net9.0/ko/Microsoft.TestPlatform.CrossPlatEngine.resources.dll".
D | Clean                |          Deleting file "/Users/philippe/repo/github/Mutty/src/tests/Mutty.Tests/bin/Debug/net9.0/ko/Microsoft.VisualStudio.TestPlatform.Common.resources.dll".
D | Clean                |          Deleting file "/Users/philippe/repo/github/Mutty/src/tests/Mutty.Tests/bin/Debug/net9.0/pl/Microsoft.TestPlatform.CommunicationUtilities.resources.dll".
D | Clean                |          Deleting file "/Users/philippe/repo/github/Mutty/src/tests/Mutty.Tests/bin/Debug/net9.0/pl/Microsoft.TestPlatform.CrossPlatEngine.resources.dll".
D | Clean                |          Deleting file "/Users/philippe/repo/github/Mutty/src/tests/Mutty.Tests/bin/Debug/net9.0/pl/Microsoft.VisualStudio.TestPlatform.Common.resources.dll".
D | Clean                |          Deleting file "/Users/philippe/repo/github/Mutty/src/tests/Mutty.Tests/bin/Debug/net9.0/pt-BR/Microsoft.TestPlatform.CommunicationUtilities.resources.dll".
D | Clean                |          Deleting file "/Users/philippe/repo/github/Mutty/src/tests/Mutty.Tests/bin/Debug/net9.0/pt-BR/Microsoft.TestPlatform.CrossPlatEngine.resources.dll".
D | Clean                |          Deleting file "/Users/philippe/repo/github/Mutty/src/tests/Mutty.Tests/bin/Debug/net9.0/pt-BR/Microsoft.VisualStudio.TestPlatform.Common.resources.dll".
D | Clean                |          Deleting file "/Users/philippe/repo/github/Mutty/src/tests/Mutty.Tests/bin/Debug/net9.0/ru/Microsoft.TestPlatform.CommunicationUtilities.resources.dll".
D | Clean                |          Deleting file "/Users/philippe/repo/github/Mutty/src/tests/Mutty.Tests/bin/Debug/net9.0/ru/Microsoft.TestPlatform.CrossPlatEngine.resources.dll".
D | Clean                |          Deleting file "/Users/philippe/repo/github/Mutty/src/tests/Mutty.Tests/bin/Debug/net9.0/ru/Microsoft.VisualStudio.TestPlatform.Common.resources.dll".
D | Clean                |          Deleting file "/Users/philippe/repo/github/Mutty/src/tests/Mutty.Tests/bin/Debug/net9.0/tr/Microsoft.TestPlatform.CommunicationUtilities.resources.dll".
D | Clean                |          Deleting file "/Users/philippe/repo/github/Mutty/src/tests/Mutty.Tests/bin/Debug/net9.0/tr/Microsoft.TestPlatform.CrossPlatEngine.resources.dll".
D | Clean                |          Deleting file "/Users/philippe/repo/github/Mutty/src/tests/Mutty.Tests/bin/Debug/net9.0/tr/Microsoft.VisualStudio.TestPlatform.Common.resources.dll".
D | Clean                |          Deleting file "/Users/philippe/repo/github/Mutty/src/tests/Mutty.Tests/bin/Debug/net9.0/zh-Hans/Microsoft.TestPlatform.CommunicationUtilities.resources.dll".
D | Clean                |          Deleting file "/Users/philippe/repo/github/Mutty/src/tests/Mutty.Tests/bin/Debug/net9.0/zh-Hans/Microsoft.TestPlatform.CrossPlatEngine.resources.dll".
D | Clean                |          Deleting file "/Users/philippe/repo/github/Mutty/src/tests/Mutty.Tests/bin/Debug/net9.0/zh-Hans/Microsoft.VisualStudio.TestPlatform.Common.resources.dll".
D | Clean                |          Deleting file "/Users/philippe/repo/github/Mutty/src/tests/Mutty.Tests/bin/Debug/net9.0/zh-Hant/Microsoft.TestPlatform.CommunicationUtilities.resources.dll".
D | Clean                |          Deleting file "/Users/philippe/repo/github/Mutty/src/tests/Mutty.Tests/bin/Debug/net9.0/zh-Hant/Microsoft.TestPlatform.CrossPlatEngine.resources.dll".
D | Clean                |          Deleting file "/Users/philippe/repo/github/Mutty/src/tests/Mutty.Tests/bin/Debug/net9.0/zh-Hant/Microsoft.VisualStudio.TestPlatform.Common.resources.dll".
D | Clean                |          Deleting file "/Users/philippe/repo/github/Mutty/src/tests/Mutty.Tests/bin/Debug/net9.0/cs/Microsoft.VisualStudio.Composition.resources.dll".
D | Clean                |          Deleting file "/Users/philippe/repo/github/Mutty/src/tests/Mutty.Tests/bin/Debug/net9.0/de/Microsoft.VisualStudio.Composition.resources.dll".
D | Clean                |          Deleting file "/Users/philippe/repo/github/Mutty/src/tests/Mutty.Tests/bin/Debug/net9.0/es/Microsoft.VisualStudio.Composition.resources.dll".
D | Clean                |          Deleting file "/Users/philippe/repo/github/Mutty/src/tests/Mutty.Tests/bin/Debug/net9.0/fr/Microsoft.VisualStudio.Composition.resources.dll".
D | Clean                |          Deleting file "/Users/philippe/repo/github/Mutty/src/tests/Mutty.Tests/bin/Debug/net9.0/it/Microsoft.VisualStudio.Composition.resources.dll".
D | Clean                |          Deleting file "/Users/philippe/repo/github/Mutty/src/tests/Mutty.Tests/bin/Debug/net9.0/ja/Microsoft.VisualStudio.Composition.resources.dll".
D | Clean                |          Deleting file "/Users/philippe/repo/github/Mutty/src/tests/Mutty.Tests/bin/Debug/net9.0/ko/Microsoft.VisualStudio.Composition.resources.dll".
D | Clean                |          Deleting file "/Users/philippe/repo/github/Mutty/src/tests/Mutty.Tests/bin/Debug/net9.0/pl/Microsoft.VisualStudio.Composition.resources.dll".
D | Clean                |          Deleting file "/Users/philippe/repo/github/Mutty/src/tests/Mutty.Tests/bin/Debug/net9.0/pt-BR/Microsoft.VisualStudio.Composition.resources.dll".
D | Clean                |          Deleting file "/Users/philippe/repo/github/Mutty/src/tests/Mutty.Tests/bin/Debug/net9.0/ru/Microsoft.VisualStudio.Composition.resources.dll".
D | Clean                |          Deleting file "/Users/philippe/repo/github/Mutty/src/tests/Mutty.Tests/bin/Debug/net9.0/tr/Microsoft.VisualStudio.Composition.resources.dll".
D | Clean                |          Deleting file "/Users/philippe/repo/github/Mutty/src/tests/Mutty.Tests/bin/Debug/net9.0/zh-Hans/Microsoft.VisualStudio.Composition.resources.dll".
D | Clean                |          Deleting file "/Users/philippe/repo/github/Mutty/src/tests/Mutty.Tests/bin/Debug/net9.0/zh-Hant/Microsoft.VisualStudio.Composition.resources.dll".
D | Clean                |          Deleting file "/Users/philippe/repo/github/Mutty/src/tests/Mutty.Tests/bin/Debug/net9.0/cs/Microsoft.VisualStudio.Validation.resources.dll".
D | Clean                |          Deleting file "/Users/philippe/repo/github/Mutty/src/tests/Mutty.Tests/bin/Debug/net9.0/de/Microsoft.VisualStudio.Validation.resources.dll".
D | Clean                |          Deleting file "/Users/philippe/repo/github/Mutty/src/tests/Mutty.Tests/bin/Debug/net9.0/es/Microsoft.VisualStudio.Validation.resources.dll".
D | Clean                |          Deleting file "/Users/philippe/repo/github/Mutty/src/tests/Mutty.Tests/bin/Debug/net9.0/fr/Microsoft.VisualStudio.Validation.resources.dll".
D | Clean                |          Deleting file "/Users/philippe/repo/github/Mutty/src/tests/Mutty.Tests/bin/Debug/net9.0/it/Microsoft.VisualStudio.Validation.resources.dll".
D | Clean                |          Deleting file "/Users/philippe/repo/github/Mutty/src/tests/Mutty.Tests/bin/Debug/net9.0/ja/Microsoft.VisualStudio.Validation.resources.dll".
D | Clean                |          Deleting file "/Users/philippe/repo/github/Mutty/src/tests/Mutty.Tests/bin/Debug/net9.0/ko/Microsoft.VisualStudio.Validation.resources.dll".
D | Clean                |          Deleting file "/Users/philippe/repo/github/Mutty/src/tests/Mutty.Tests/bin/Debug/net9.0/pl/Microsoft.VisualStudio.Validation.resources.dll".
D | Clean                |          Deleting file "/Users/philippe/repo/github/Mutty/src/tests/Mutty.Tests/bin/Debug/net9.0/pt-BR/Microsoft.VisualStudio.Validation.resources.dll".
D | Clean                |          Deleting file "/Users/philippe/repo/github/Mutty/src/tests/Mutty.Tests/bin/Debug/net9.0/ru/Microsoft.VisualStudio.Validation.resources.dll".
D | Clean                |          Deleting file "/Users/philippe/repo/github/Mutty/src/tests/Mutty.Tests/bin/Debug/net9.0/tr/Microsoft.VisualStudio.Validation.resources.dll".
D | Clean                |          Deleting file "/Users/philippe/repo/github/Mutty/src/tests/Mutty.Tests/bin/Debug/net9.0/zh-Hans/Microsoft.VisualStudio.Validation.resources.dll".
D | Clean                |          Deleting file "/Users/philippe/repo/github/Mutty/src/tests/Mutty.Tests/bin/Debug/net9.0/zh-Hant/Microsoft.VisualStudio.Validation.resources.dll".
D | Clean                |          Deleting file "/Users/philippe/repo/github/Mutty/src/tests/Mutty.Tests/bin/Debug/net9.0/runtimes/win/lib/net6.0/System.Diagnostics.EventLog.Messages.dll".
D | Clean                |          Deleting file "/Users/philippe/repo/github/Mutty/src/tests/Mutty.Tests/bin/Debug/net9.0/runtimes/win/lib/net6.0/System.Diagnostics.EventLog.dll".
D | Clean                |          Deleting file "/Users/philippe/repo/github/Mutty/src/tests/Mutty.Tests/bin/Debug/net9.0/runtimes/win/lib/netcoreapp3.0/System.Security.Cryptography.Pkcs.dll".
D | Clean                |          Deleting file "/Users/philippe/repo/github/Mutty/src/tests/Mutty.Tests/bin/Debug/net9.0/runtimes/win/lib/netstandard2.0/System.Security.Cryptography.ProtectedData.dll".
D | Clean                |          Deleting file "/Users/philippe/repo/github/Mutty/src/tests/Mutty.Tests/bin/Debug/net9.0/Mutty.dll".
D | Clean                |          Deleting file "/Users/philippe/repo/github/Mutty/src/tests/Mutty.Tests/bin/Debug/net9.0/Mutty.xml".
D | Clean                |          Deleting file "/Users/philippe/repo/github/Mutty/src/tests/Mutty.Tests/obj/Debug/net9.0/Mutty.Tests.csproj.AssemblyReference.cache".
D | Clean                |          Deleting file "/Users/philippe/repo/github/Mutty/src/tests/Mutty.Tests/obj/Debug/net9.0/Mutty.Tests.GeneratedMSBuildEditorConfig.editorconfig".
D | Clean                |          Deleting file "/Users/philippe/repo/github/Mutty/src/tests/Mutty.Tests/obj/Debug/net9.0/Mutty.Tests.AssemblyInfoInputs.cache".
D | Clean                |          Deleting file "/Users/philippe/repo/github/Mutty/src/tests/Mutty.Tests/obj/Debug/net9.0/Mutty.Tests.AssemblyInfo.cs".
D | Clean                |          Deleting file "/Users/philippe/repo/github/Mutty/src/tests/Mutty.Tests/obj/Debug/net9.0/Mutty.Tests.csproj.CoreCompileInputs.cache".
D | Clean                |          Deleting file "/Users/philippe/repo/github/Mutty/src/tests/Mutty.Tests/obj/Debug/net9.0/Mutty.Tests.sourcelink.json".
D | Clean                |          Deleting file "/Users/philippe/repo/github/Mutty/src/tests/Mutty.Tests/obj/Debug/net9.0/Mutty.Te.2D8D4B4C.Up2Date".
D | Clean                |          Deleting file "/Users/philippe/repo/github/Mutty/src/tests/Mutty.Tests/obj/Debug/net9.0/Mutty.Tests.dll".
D | Clean                |          Deleting file "/Users/philippe/repo/github/Mutty/src/tests/Mutty.Tests/obj/Debug/net9.0/refint/Mutty.Tests.dll".
D | Clean                |          Deleting file "/Users/philippe/repo/github/Mutty/src/tests/Mutty.Tests/obj/Debug/net9.0/Mutty.Tests.genruntimeconfig.cache".
D | Clean                |          Deleting file "/Users/philippe/repo/github/Mutty/src/tests/Mutty.Tests/obj/Debug/net9.0/ref/Mutty.Tests.dll".
D | Clean                |      1>Done Building Project "/Users/philippe/repo/github/Mutty/src/tests/Mutty.Tests/Mutty.Tests.csproj" (Clean target(s)).
D | Clean                | 
D | Clean                | Build succeeded.
D | Clean                |     0 Warning(s)
D | Clean                |     0 Error(s)
D | Clean                | 
D | Clean                | Time Elapsed 00:00:00.37
I | Clean                | > /opt/homebrew/bin/dotnet clean /Users/philippe/repo/github/Mutty/src/demo/ConsoleApp/ConsoleApp.csproj
V | Clean                | @ /Users/philippe/repo/github/Mutty
D | Clean                | Build started 7/15/2025 3:07:18 PM.
D | Clean                |      1>Project "/Users/philippe/repo/github/Mutty/src/demo/ConsoleApp/ConsoleApp.csproj" on node 1 (Clean target(s)).
D | Clean                |      1>CoreClean:
D | Clean                |          Deleting file "/Users/philippe/repo/github/Mutty/src/demo/ConsoleApp/obj/Debug/net9.0/ConsoleApp.csproj.AssemblyReference.cache".
D | Clean                |          Deleting file "/Users/philippe/repo/github/Mutty/src/demo/ConsoleApp/obj/Debug/net9.0/ConsoleApp.GeneratedMSBuildEditorConfig.editorconfig".
D | Clean                |          Deleting file "/Users/philippe/repo/github/Mutty/src/demo/ConsoleApp/obj/Debug/net9.0/ConsoleApp.AssemblyInfoInputs.cache".
D | Clean                |          Deleting file "/Users/philippe/repo/github/Mutty/src/demo/ConsoleApp/obj/Debug/net9.0/ConsoleApp.AssemblyInfo.cs".
D | Clean                |          Deleting file "/Users/philippe/repo/github/Mutty/src/demo/ConsoleApp/obj/Debug/net9.0/ConsoleApp.csproj.CoreCompileInputs.cache".
D | Clean                |          Deleting file "/Users/philippe/repo/github/Mutty/src/demo/ConsoleApp/obj/Debug/net9.0/ConsoleApp.sourcelink.json".
D | Clean                |      1>Done Building Project "/Users/philippe/repo/github/Mutty/src/demo/ConsoleApp/ConsoleApp.csproj" (Clean target(s)).
D | Clean                | 
D | Clean                | Build succeeded.
D | Clean                |     0 Warning(s)
D | Clean                |     0 Error(s)
D | Clean                | 
D | Clean                | Time Elapsed 00:00:00.32
V | Clean                | Telemetry.OnTargetSucceeded (0)
V | Clean                | EventInvoker.OnTargetSucceeded (-3.4028235E+38)
V | Restore              | EventInvoker.OnTargetRunning (-3.4028235E+38)
I | Restore              | Restoring NuGet packages
I | Restore              | > /opt/homebrew/bin/dotnet restore /Users/philippe/repo/github/Mutty/Mutty.sln --verbosity minimal --no-cache
V | Restore              | @ /Users/philippe/repo/github/Mutty
D | Restore              |   Determining projects to restore...
D | Restore              |   Restored /Users/philippe/repo/github/Mutty/src/demo/ConsoleApp/ConsoleApp.csproj (in 142 ms).
D | Restore              |   Restored /Users/philippe/repo/github/Mutty/src/library/Mutty/Mutty.csproj (in 147 ms).
D | Restore              |   Restored /Users/philippe/repo/github/Mutty/src/tests/Mutty.Tests/Mutty.Tests.csproj (in 184 ms).
I | Restore              | NuGet packages restored successfully
V | Restore              | Telemetry.OnTargetSucceeded (0)
V | Restore              | Sending TargetSucceeded telemetry event ...
V | Restore              |   build_components         = 
V | Restore              |   build_type               = Project
V | Restore              |   compile_time             = <null>
V | Restore              |   config_generators        = GitHubActions
V | Restore              |   host                     = Rider
V | Restore              |   num_custom_components    = 0
V | Restore              |   num_custom_extensions    = 0
V | Restore              |   num_partitioned_targets  = 0
V | Restore              |   num_secrets              = 1
V | Restore              |   num_targets              = 9
V | Restore              |   os_architecture          = Arm64
V | Restore              |   os_platform              = OSX
V | Restore              |   repo_branch              = main
V | Restore              |   repo_commit              = 126402
V | Restore              |   repo_provider            = GitHub
V | Restore              |   repo_url                 = b37034
V | Restore              |   target_current_partition = 1
V | Restore              |   target_duration          = 1
V | Restore              |   target_framework         = .NETCoreApp,Version=v9.0
V | Restore              |   target_name              = Restore
V | Restore              |   target_total_partitions  = 1
V | Restore              |   version_dotnet_sdk       = 9.0.302
V | Restore              |   version_nuke_common      = 9.0.4
V | Restore              |   version_nuke_global_tool = <null>
V | Restore              | EventInvoker.OnTargetSucceeded (-3.4028235E+38)
V | Compile              | EventInvoker.OnTargetRunning (-3.4028235E+38)
I | Compile              | Building solution /Users/philippe/repo/github/Mutty/Mutty.sln with configuration Debug
I | Compile              | > /opt/homebrew/bin/dotnet build /Users/philippe/repo/github/Mutty/Mutty.sln --configuration Debug --property:Version=1.0.49 --property:AssemblyVersion=1.0.49 --property:InformationalVersion=1.0.49+Branch.main.Sha.f29e4964eed61c2e387b39280804d630771d25f6 --property:FileVersion=1.0.49 --property:Deterministic=true --no-restore
V | Compile              | @ /Users/philippe/repo/github/Mutty
D | Compile              |   Mutty -> /Users/philippe/repo/github/Mutty/src/library/Mutty/bin/Debug/netstandard2.0/Mutty.dll
E | Compile              | /Users/philippe/repo/github/Mutty/src/demo/ConsoleApp/obj/Debug/net9.0/Mutty/Mutty.MutableRecordGenerator/ConsoleApp.Models.MutableRepository.g.cs(23,35): error CS1061: 'ImmutableDictionary<int, T>' does not contain a definition for 'AsMutable' and no accessible extension method 'AsMutable' accepting a first argument of type 'ImmutableDictionary<int, T>' could be found (are you missing a using directive or an assembly reference?) [/Users/philippe/repo/github/Mutty/src/demo/ConsoleApp/ConsoleApp.csproj]
E | Compile              | /Users/philippe/repo/github/Mutty/src/demo/ConsoleApp/obj/Debug/net9.0/Mutty/Mutty.MutableRecordGenerator/ConsoleApp.Models.MutableRepository.g.cs(35,36): error CS1061: 'Dictionary<int, T>' does not contain a definition for 'ToImmutable' and no accessible extension method 'ToImmutable' accepting a first argument of type 'Dictionary<int, T>' could be found (are you missing a using directive or an assembly reference?) [/Users/philippe/repo/github/Mutty/src/demo/ConsoleApp/ConsoleApp.csproj]
E | Compile              | /Users/philippe/repo/github/Mutty/src/demo/ConsoleApp/obj/Debug/net9.0/Mutty/Mutty.MutableRecordGenerator/ConsoleApp.Models.MutableRepository.g.cs(46,24): error CS0305: Using the generic type 'MutableRepository<T>' requires 1 type arguments [/Users/philippe/repo/github/Mutty/src/demo/ConsoleApp/ConsoleApp.csproj]
E | Compile              | /Users/philippe/repo/github/Mutty/src/demo/ConsoleApp/obj/Debug/net9.0/Mutty/Mutty.MutableRecordGenerator/ConsoleApp.Models.MutableTreeNode.g.cs(44,24): error CS0305: Using the generic type 'MutableTreeNode<T>' requires 1 type arguments [/Users/philippe/repo/github/Mutty/src/demo/ConsoleApp/ConsoleApp.csproj]
E | Compile              | /Users/philippe/repo/github/Mutty/src/demo/ConsoleApp/obj/Debug/net9.0/Mutty/Mutty.MutableRecordGenerator/ConsoleApp.Models.MutableContainer.g.cs(46,24): error CS0305: Using the generic type 'MutableContainer<T>' requires 1 type arguments [/Users/philippe/repo/github/Mutty/src/demo/ConsoleApp/ConsoleApp.csproj]
E | Compile              | /Users/philippe/repo/github/Mutty/src/demo/ConsoleApp/obj/Debug/net9.0/Mutty/Mutty.MutableRecordGenerator/ConsoleApp.Models.MutablePair.g.cs(44,24): error CS0305: Using the generic type 'MutablePair<TFirst, TSecond>' requires 2 type arguments [/Users/philippe/repo/github/Mutty/src/demo/ConsoleApp/ConsoleApp.csproj]
E | Compile              | /Users/philippe/repo/github/Mutty/src/demo/ConsoleApp/obj/Debug/net9.0/Mutty/Mutty.MutableRecordGenerator/ConsoleApp.Models.MutableBox.g.cs(44,24): error CS0305: Using the generic type 'MutableBox<T>' requires 1 type arguments [/Users/philippe/repo/github/Mutty/src/demo/ConsoleApp/ConsoleApp.csproj]
E | Compile              | /Users/philippe/repo/github/Mutty/src/demo/ConsoleApp/Models/GenericModels.cs(108,57): error CS0023: Operator '.' cannot be applied to operand of type 'void' [/Users/philippe/repo/github/Mutty/src/demo/ConsoleApp/ConsoleApp.csproj]
E | Compile              | /Users/philippe/repo/github/Mutty/src/demo/ConsoleApp/Models/GenericModels.cs(58,26): error RCS1250: Simplify object creation (https://josefpihrt.github.io/docs/roslynator/analyzers/RCS1250) [/Users/philippe/repo/github/Mutty/src/demo/ConsoleApp/ConsoleApp.csproj]
E | Compile              | /Users/philippe/repo/github/Mutty/src/demo/ConsoleApp/Models/GenericModels.cs(71,29): error RCS1250: Simplify object creation (https://josefpihrt.github.io/docs/roslynator/analyzers/RCS1250) [/Users/philippe/repo/github/Mutty/src/demo/ConsoleApp/ConsoleApp.csproj]
E | Compile              | /Users/philippe/repo/github/Mutty/src/demo/ConsoleApp/Models/GenericModels.cs(82,24): error RCS1250: Simplify object creation (https://josefpihrt.github.io/docs/roslynator/analyzers/RCS1250) [/Users/philippe/repo/github/Mutty/src/demo/ConsoleApp/ConsoleApp.csproj]
E | Compile              | /Users/philippe/repo/github/Mutty/src/demo/ConsoleApp/Models/GenericModels.cs(97,25): error RCS1250: Simplify object creation (https://josefpihrt.github.io/docs/roslynator/analyzers/RCS1250) [/Users/philippe/repo/github/Mutty/src/demo/ConsoleApp/ConsoleApp.csproj]
E | Compile              | /Users/philippe/repo/github/Mutty/src/demo/ConsoleApp/Models/GenericModels.cs(98,25): error RCS1250: Simplify object creation (https://josefpihrt.github.io/docs/roslynator/analyzers/RCS1250) [/Users/philippe/repo/github/Mutty/src/demo/ConsoleApp/ConsoleApp.csproj]
E | Compile              | /Users/philippe/repo/github/Mutty/src/demo/ConsoleApp/Models/GenericModels.cs(99,26): error RCS1250: Simplify object creation (https://josefpihrt.github.io/docs/roslynator/analyzers/RCS1250) [/Users/philippe/repo/github/Mutty/src/demo/ConsoleApp/ConsoleApp.csproj]
E | Compile              | /Users/philippe/repo/github/Mutty/src/demo/ConsoleApp/Models/GenericModels.cs(100,24): error RCS1250: Simplify object creation (https://josefpihrt.github.io/docs/roslynator/analyzers/RCS1250) [/Users/philippe/repo/github/Mutty/src/demo/ConsoleApp/ConsoleApp.csproj]
E | Compile              | /Users/philippe/repo/github/Mutty/src/demo/ConsoleApp/Models/GenericModels.cs(107,31): error RCS1250: Simplify object creation (https://josefpihrt.github.io/docs/roslynator/analyzers/RCS1250) [/Users/philippe/repo/github/Mutty/src/demo/ConsoleApp/ConsoleApp.csproj]
D | Compile              |   Mutty.Tests -> /Users/philippe/repo/github/Mutty/src/tests/Mutty.Tests/bin/Debug/net9.0/Mutty.Tests.dll
D | Compile              | 
D | Compile              | Build FAILED.
D | Compile              | 
E | Compile              | /Users/philippe/repo/github/Mutty/src/demo/ConsoleApp/obj/Debug/net9.0/Mutty/Mutty.MutableRecordGenerator/ConsoleApp.Models.MutableRepository.g.cs(23,35): error CS1061: 'ImmutableDictionary<int, T>' does not contain a definition for 'AsMutable' and no accessible extension method 'AsMutable' accepting a first argument of type 'ImmutableDictionary<int, T>' could be found (are you missing a using directive or an assembly reference?) [/Users/philippe/repo/github/Mutty/src/demo/ConsoleApp/ConsoleApp.csproj]
E | Compile              | /Users/philippe/repo/github/Mutty/src/demo/ConsoleApp/obj/Debug/net9.0/Mutty/Mutty.MutableRecordGenerator/ConsoleApp.Models.MutableRepository.g.cs(35,36): error CS1061: 'Dictionary<int, T>' does not contain a definition for 'ToImmutable' and no accessible extension method 'ToImmutable' accepting a first argument of type 'Dictionary<int, T>' could be found (are you missing a using directive or an assembly reference?) [/Users/philippe/repo/github/Mutty/src/demo/ConsoleApp/ConsoleApp.csproj]
E | Compile              | /Users/philippe/repo/github/Mutty/src/demo/ConsoleApp/obj/Debug/net9.0/Mutty/Mutty.MutableRecordGenerator/ConsoleApp.Models.MutableRepository.g.cs(46,24): error CS0305: Using the generic type 'MutableRepository<T>' requires 1 type arguments [/Users/philippe/repo/github/Mutty/src/demo/ConsoleApp/ConsoleApp.csproj]
E | Compile              | /Users/philippe/repo/github/Mutty/src/demo/ConsoleApp/obj/Debug/net9.0/Mutty/Mutty.MutableRecordGenerator/ConsoleApp.Models.MutableTreeNode.g.cs(44,24): error CS0305: Using the generic type 'MutableTreeNode<T>' requires 1 type arguments [/Users/philippe/repo/github/Mutty/src/demo/ConsoleApp/ConsoleApp.csproj]
E | Compile              | /Users/philippe/repo/github/Mutty/src/demo/ConsoleApp/obj/Debug/net9.0/Mutty/Mutty.MutableRecordGenerator/ConsoleApp.Models.MutableContainer.g.cs(46,24): error CS0305: Using the generic type 'MutableContainer<T>' requires 1 type arguments [/Users/philippe/repo/github/Mutty/src/demo/ConsoleApp/ConsoleApp.csproj]
E | Compile              | /Users/philippe/repo/github/Mutty/src/demo/ConsoleApp/obj/Debug/net9.0/Mutty/Mutty.MutableRecordGenerator/ConsoleApp.Models.MutablePair.g.cs(44,24): error CS0305: Using the generic type 'MutablePair<TFirst, TSecond>' requires 2 type arguments [/Users/philippe/repo/github/Mutty/src/demo/ConsoleApp/ConsoleApp.csproj]
E | Compile              | /Users/philippe/repo/github/Mutty/src/demo/ConsoleApp/obj/Debug/net9.0/Mutty/Mutty.MutableRecordGenerator/ConsoleApp.Models.MutableBox.g.cs(44,24): error CS0305: Using the generic type 'MutableBox<T>' requires 1 type arguments [/Users/philippe/repo/github/Mutty/src/demo/ConsoleApp/ConsoleApp.csproj]
E | Compile              | /Users/philippe/repo/github/Mutty/src/demo/ConsoleApp/Models/GenericModels.cs(108,57): error CS0023: Operator '.' cannot be applied to operand of type 'void' [/Users/philippe/repo/github/Mutty/src/demo/ConsoleApp/ConsoleApp.csproj]
E | Compile              | /Users/philippe/repo/github/Mutty/src/demo/ConsoleApp/Models/GenericModels.cs(58,26): error RCS1250: Simplify object creation (https://josefpihrt.github.io/docs/roslynator/analyzers/RCS1250) [/Users/philippe/repo/github/Mutty/src/demo/ConsoleApp/ConsoleApp.csproj]
E | Compile              | /Users/philippe/repo/github/Mutty/src/demo/ConsoleApp/Models/GenericModels.cs(71,29): error RCS1250: Simplify object creation (https://josefpihrt.github.io/docs/roslynator/analyzers/RCS1250) [/Users/philippe/repo/github/Mutty/src/demo/ConsoleApp/ConsoleApp.csproj]
E | Compile              | /Users/philippe/repo/github/Mutty/src/demo/ConsoleApp/Models/GenericModels.cs(82,24): error RCS1250: Simplify object creation (https://josefpihrt.github.io/docs/roslynator/analyzers/RCS1250) [/Users/philippe/repo/github/Mutty/src/demo/ConsoleApp/ConsoleApp.csproj]
E | Compile              | /Users/philippe/repo/github/Mutty/src/demo/ConsoleApp/Models/GenericModels.cs(97,25): error RCS1250: Simplify object creation (https://josefpihrt.github.io/docs/roslynator/analyzers/RCS1250) [/Users/philippe/repo/github/Mutty/src/demo/ConsoleApp/ConsoleApp.csproj]
E | Compile              | /Users/philippe/repo/github/Mutty/src/demo/ConsoleApp/Models/GenericModels.cs(98,25): error RCS1250: Simplify object creation (https://josefpihrt.github.io/docs/roslynator/analyzers/RCS1250) [/Users/philippe/repo/github/Mutty/src/demo/ConsoleApp/ConsoleApp.csproj]
E | Compile              | /Users/philippe/repo/github/Mutty/src/demo/ConsoleApp/Models/GenericModels.cs(99,26): error RCS1250: Simplify object creation (https://josefpihrt.github.io/docs/roslynator/analyzers/RCS1250) [/Users/philippe/repo/github/Mutty/src/demo/ConsoleApp/ConsoleApp.csproj]
E | Compile              | /Users/philippe/repo/github/Mutty/src/demo/ConsoleApp/Models/GenericModels.cs(100,24): error RCS1250: Simplify object creation (https://josefpihrt.github.io/docs/roslynator/analyzers/RCS1250) [/Users/philippe/repo/github/Mutty/src/demo/ConsoleApp/ConsoleApp.csproj]
E | Compile              | /Users/philippe/repo/github/Mutty/src/demo/ConsoleApp/Models/GenericModels.cs(107,31): error RCS1250: Simplify object creation (https://josefpihrt.github.io/docs/roslynator/analyzers/RCS1250) [/Users/philippe/repo/github/Mutty/src/demo/ConsoleApp/ConsoleApp.csproj]
D | Compile              |     0 Warning(s)
D | Compile              |     16 Error(s)
D | Compile              | 
D | Compile              | Time Elapsed 00:00:01.10
E | Compile              | Target Compile has thrown an exception
Nuke.Common.Tooling.ProcessException: Process 'dotnet' exited with code 1.
   > /opt/homebrew/bin/dotnet build /Users/philippe/repo/github/Mutty/Mutty.sln --configuration Debug --property:Version=1.0.49 --property:AssemblyVersion=1.0.49 --property:InformationalVersion=1.0.49+Branch.main.Sha.f29e4964eed61c2e387b39280804d630771d25f6 --property:FileVersion=1.0.49 --property:Deterministic=true --no-restore
   @ /Users/philippe/repo/github/Mutty
Standard output:
     Mutty -> /Users/philippe/repo/github/Mutty/src/library/Mutty/bin/Debug/netstandard2.0/Mutty.dll
   /Users/philippe/repo/github/Mutty/src/demo/ConsoleApp/obj/Debug/net9.0/Mutty/Mutty.MutableRecordGenerator/ConsoleApp.Models.MutableRepository.g.cs(23,35): error CS1061: 'ImmutableDictionary<int, T>' does not contain a definition for 'AsMutable' and no accessible extension method 'AsMutable' accepting a first argument of type 'ImmutableDictionary<int, T>' could be found (are you missing a using directive or an assembly reference?) [/Users/philippe/repo/github/Mutty/src/demo/ConsoleApp/ConsoleApp.csproj]
   /Users/philippe/repo/github/Mutty/src/demo/ConsoleApp/obj/Debug/net9.0/Mutty/Mutty.MutableRecordGenerator/ConsoleApp.Models.MutableRepository.g.cs(35,36): error CS1061: 'Dictionary<int, T>' does not contain a definition for 'ToImmutable' and no accessible extension method 'ToImmutable' accepting a first argument of type 'Dictionary<int, T>' could be found (are you missing a using directive or an assembly reference?) [/Users/philippe/repo/github/Mutty/src/demo/ConsoleApp/ConsoleApp.csproj]
   /Users/philippe/repo/github/Mutty/src/demo/ConsoleApp/obj/Debug/net9.0/Mutty/Mutty.MutableRecordGenerator/ConsoleApp.Models.MutableRepository.g.cs(46,24): error CS0305: Using the generic type 'MutableRepository<T>' requires 1 type arguments [/Users/philippe/repo/github/Mutty/src/demo/ConsoleApp/ConsoleApp.csproj]
   /Users/philippe/repo/github/Mutty/src/demo/ConsoleApp/obj/Debug/net9.0/Mutty/Mutty.MutableRecordGenerator/ConsoleApp.Models.MutableTreeNode.g.cs(44,24): error CS0305: Using the generic type 'MutableTreeNode<T>' requires 1 type arguments [/Users/philippe/repo/github/Mutty/src/demo/ConsoleApp/ConsoleApp.csproj]
   /Users/philippe/repo/github/Mutty/src/demo/ConsoleApp/obj/Debug/net9.0/Mutty/Mutty.MutableRecordGenerator/ConsoleApp.Models.MutableContainer.g.cs(46,24): error CS0305: Using the generic type 'MutableContainer<T>' requires 1 type arguments [/Users/philippe/repo/github/Mutty/src/demo/ConsoleApp/ConsoleApp.csproj]
   /Users/philippe/repo/github/Mutty/src/demo/ConsoleApp/obj/Debug/net9.0/Mutty/Mutty.MutableRecordGenerator/ConsoleApp.Models.MutablePair.g.cs(44,24): error CS0305: Using the generic type 'MutablePair<TFirst, TSecond>' requires 2 type arguments [/Users/philippe/repo/github/Mutty/src/demo/ConsoleApp/ConsoleApp.csproj]
   /Users/philippe/repo/github/Mutty/src/demo/ConsoleApp/obj/Debug/net9.0/Mutty/Mutty.MutableRecordGenerator/ConsoleApp.Models.MutableBox.g.cs(44,24): error CS0305: Using the generic type 'MutableBox<T>' requires 1 type arguments [/Users/philippe/repo/github/Mutty/src/demo/ConsoleApp/ConsoleApp.csproj]
   /Users/philippe/repo/github/Mutty/src/demo/ConsoleApp/Models/GenericModels.cs(108,57): error CS0023: Operator '.' cannot be applied to operand of type 'void' [/Users/philippe/repo/github/Mutty/src/demo/ConsoleApp/ConsoleApp.csproj]
   /Users/philippe/repo/github/Mutty/src/demo/ConsoleApp/Models/GenericModels.cs(58,26): error RCS1250: Simplify object creation (https://josefpihrt.github.io/docs/roslynator/analyzers/RCS1250) [/Users/philippe/repo/github/Mutty/src/demo/ConsoleApp/ConsoleApp.csproj]
   /Users/philippe/repo/github/Mutty/src/demo/ConsoleApp/Models/GenericModels.cs(71,29): error RCS1250: Simplify object creation (https://josefpihrt.github.io/docs/roslynator/analyzers/RCS1250) [/Users/philippe/repo/github/Mutty/src/demo/ConsoleApp/ConsoleApp.csproj]
   /Users/philippe/repo/github/Mutty/src/demo/ConsoleApp/Models/GenericModels.cs(82,24): error RCS1250: Simplify object creation (https://josefpihrt.github.io/docs/roslynator/analyzers/RCS1250) [/Users/philippe/repo/github/Mutty/src/demo/ConsoleApp/ConsoleApp.csproj]
   /Users/philippe/repo/github/Mutty/src/demo/ConsoleApp/Models/GenericModels.cs(97,25): error RCS1250: Simplify object creation (https://josefpihrt.github.io/docs/roslynator/analyzers/RCS1250) [/Users/philippe/repo/github/Mutty/src/demo/ConsoleApp/ConsoleApp.csproj]
   /Users/philippe/repo/github/Mutty/src/demo/ConsoleApp/Models/GenericModels.cs(98,25): error RCS1250: Simplify object creation (https://josefpihrt.github.io/docs/roslynator/analyzers/RCS1250) [/Users/philippe/repo/github/Mutty/src/demo/ConsoleApp/ConsoleApp.csproj]
   /Users/philippe/repo/github/Mutty/src/demo/ConsoleApp/Models/GenericModels.cs(99,26): error RCS1250: Simplify object creation (https://josefpihrt.github.io/docs/roslynator/analyzers/RCS1250) [/Users/philippe/repo/github/Mutty/src/demo/ConsoleApp/ConsoleApp.csproj]
   /Users/philippe/repo/github/Mutty/src/demo/ConsoleApp/Models/GenericModels.cs(100,24): error RCS1250: Simplify object creation (https://josefpihrt.github.io/docs/roslynator/analyzers/RCS1250) [/Users/philippe/repo/github/Mutty/src/demo/ConsoleApp/ConsoleApp.csproj]
   /Users/philippe/repo/github/Mutty/src/demo/ConsoleApp/Models/GenericModels.cs(107,31): error RCS1250: Simplify object creation (https://josefpihrt.github.io/docs/roslynator/analyzers/RCS1250) [/Users/philippe/repo/github/Mutty/src/demo/ConsoleApp/ConsoleApp.csproj]
     Mutty.Tests -> /Users/philippe/repo/github/Mutty/src/tests/Mutty.Tests/bin/Debug/net9.0/Mutty.Tests.dll
   
   Build FAILED.
   
   /Users/philippe/repo/github/Mutty/src/demo/ConsoleApp/obj/Debug/net9.0/Mutty/Mutty.MutableRecordGenerator/ConsoleApp.Models.MutableRepository.g.cs(23,35): error CS1061: 'ImmutableDictionary<int, T>' does not contain a definition for 'AsMutable' and no accessible extension method 'AsMutable' accepting a first argument of type 'ImmutableDictionary<int, T>' could be found (are you missing a using directive or an assembly reference?) [/Users/philippe/repo/github/Mutty/src/demo/ConsoleApp/ConsoleApp.csproj]
   /Users/philippe/repo/github/Mutty/src/demo/ConsoleApp/obj/Debug/net9.0/Mutty/Mutty.MutableRecordGenerator/ConsoleApp.Models.MutableRepository.g.cs(35,36): error CS1061: 'Dictionary<int, T>' does not contain a definition for 'ToImmutable' and no accessible extension method 'ToImmutable' accepting a first argument of type 'Dictionary<int, T>' could be found (are you missing a using directive or an assembly reference?) [/Users/philippe/repo/github/Mutty/src/demo/ConsoleApp/ConsoleApp.csproj]
   /Users/philippe/repo/github/Mutty/src/demo/ConsoleApp/obj/Debug/net9.0/Mutty/Mutty.MutableRecordGenerator/ConsoleApp.Models.MutableRepository.g.cs(46,24): error CS0305: Using the generic type 'MutableRepository<T>' requires 1 type arguments [/Users/philippe/repo/github/Mutty/src/demo/ConsoleApp/ConsoleApp.csproj]
   /Users/philippe/repo/github/Mutty/src/demo/ConsoleApp/obj/Debug/net9.0/Mutty/Mutty.MutableRecordGenerator/ConsoleApp.Models.MutableTreeNode.g.cs(44,24): error CS0305: Using the generic type 'MutableTreeNode<T>' requires 1 type arguments [/Users/philippe/repo/github/Mutty/src/demo/ConsoleApp/ConsoleApp.csproj]
   /Users/philippe/repo/github/Mutty/src/demo/ConsoleApp/obj/Debug/net9.0/Mutty/Mutty.MutableRecordGenerator/ConsoleApp.Models.MutableContainer.g.cs(46,24): error CS0305: Using the generic type 'MutableContainer<T>' requires 1 type arguments [/Users/philippe/repo/github/Mutty/src/demo/ConsoleApp/ConsoleApp.csproj]
   /Users/philippe/repo/github/Mutty/src/demo/ConsoleApp/obj/Debug/net9.0/Mutty/Mutty.MutableRecordGenerator/ConsoleApp.Models.MutablePair.g.cs(44,24): error CS0305: Using the generic type 'MutablePair<TFirst, TSecond>' requires 2 type arguments [/Users/philippe/repo/github/Mutty/src/demo/ConsoleApp/ConsoleApp.csproj]
   /Users/philippe/repo/github/Mutty/src/demo/ConsoleApp/obj/Debug/net9.0/Mutty/Mutty.MutableRecordGenerator/ConsoleApp.Models.MutableBox.g.cs(44,24): error CS0305: Using the generic type 'MutableBox<T>' requires 1 type arguments [/Users/philippe/repo/github/Mutty/src/demo/ConsoleApp/ConsoleApp.csproj]
   /Users/philippe/repo/github/Mutty/src/demo/ConsoleApp/Models/GenericModels.cs(108,57): error CS0023: Operator '.' cannot be applied to operand of type 'void' [/Users/philippe/repo/github/Mutty/src/demo/ConsoleApp/ConsoleApp.csproj]
   /Users/philippe/repo/github/Mutty/src/demo/ConsoleApp/Models/GenericModels.cs(58,26): error RCS1250: Simplify object creation (https://josefpihrt.github.io/docs/roslynator/analyzers/RCS1250) [/Users/philippe/repo/github/Mutty/src/demo/ConsoleApp/ConsoleApp.csproj]
   /Users/philippe/repo/github/Mutty/src/demo/ConsoleApp/Models/GenericModels.cs(71,29): error RCS1250: Simplify object creation (https://josefpihrt.github.io/docs/roslynator/analyzers/RCS1250) [/Users/philippe/repo/github/Mutty/src/demo/ConsoleApp/ConsoleApp.csproj]
   /Users/philippe/repo/github/Mutty/src/demo/ConsoleApp/Models/GenericModels.cs(82,24): error RCS1250: Simplify object creation (https://josefpihrt.github.io/docs/roslynator/analyzers/RCS1250) [/Users/philippe/repo/github/Mutty/src/demo/ConsoleApp/ConsoleApp.csproj]
   /Users/philippe/repo/github/Mutty/src/demo/ConsoleApp/Models/GenericModels.cs(97,25): error RCS1250: Simplify object creation (https://josefpihrt.github.io/docs/roslynator/analyzers/RCS1250) [/Users/philippe/repo/github/Mutty/src/demo/ConsoleApp/ConsoleApp.csproj]
   /Users/philippe/repo/github/Mutty/src/demo/ConsoleApp/Models/GenericModels.cs(98,25): error RCS1250: Simplify object creation (https://josefpihrt.github.io/docs/roslynator/analyzers/RCS1250) [/Users/philippe/repo/github/Mutty/src/demo/ConsoleApp/ConsoleApp.csproj]
   /Users/philippe/repo/github/Mutty/src/demo/ConsoleApp/Models/GenericModels.cs(99,26): error RCS1250: Simplify object creation (https://josefpihrt.github.io/docs/roslynator/analyzers/RCS1250) [/Users/philippe/repo/github/Mutty/src/demo/ConsoleApp/ConsoleApp.csproj]
   /Users/philippe/repo/github/Mutty/src/demo/ConsoleApp/Models/GenericModels.cs(100,24): error RCS1250: Simplify object creation (https://josefpihrt.github.io/docs/roslynator/analyzers/RCS1250) [/Users/philippe/repo/github/Mutty/src/demo/ConsoleApp/ConsoleApp.csproj]
   /Users/philippe/repo/github/Mutty/src/demo/ConsoleApp/Models/GenericModels.cs(107,31): error RCS1250: Simplify object creation (https://josefpihrt.github.io/docs/roslynator/analyzers/RCS1250) [/Users/philippe/repo/github/Mutty/src/demo/ConsoleApp/ConsoleApp.csproj]
       0 Warning(s)
       16 Error(s)
   
   Time Elapsed 00:00:01.10

   at Nuke.Common.Tooling.ProcessExtensions.AssertZeroExitCode(IProcess process) in /_/source/Nuke.Tooling/ProcessExtensions.cs:line 38
   at Nuke.Common.Tooling.ToolTasks.<>c.<GetExitHandler>b__4_0(ToolOptions _, IProcess p) in /_/source/Nuke.Tooling/ToolTasks.ExitHandler.cs:line 27
   at Nuke.Common.Tooling.ToolTasks.<>c__DisplayClass8_0.<GetExitHandlerInternal>b__3(ToolOptions o, IProcess p) in /_/source/Nuke.Tooling/ToolTasks.ExitHandler.cs:line 22
   at Nuke.Common.Tooling.ToolTasks.Run[T](T options) in /_/source/Nuke.Tooling/ToolTasks.Run.cs:line 36
   at Nuke.Common.Tools.DotNet.DotNetTasks.DotNetBuild(Configure`1 configurator) in /_/source/Nuke.Common/Tools/DotNet/DotNet.Generated.cs:line 62
   at Build.<get_Compile>b__31_1() in /Users/philippe/repo/github/Mutty/build/Build.cs:line 140
   at Nuke.Common.Execution.BuildExecutor.<>c.<Execute>b__4_2(Action x) in /_/source/Nuke.Build/Execution/BuildExecutor.cs:line 120
   at System.Collections.Generic.List`1.ForEach(Action`1 action)
   at Nuke.Common.Execution.BuildExecutor.Execute(NukeBuild build, ExecutableTarget target, IReadOnlyCollection`1 previouslyExecutedTargets, Boolean failureMode) in /_/source/Nuke.Build/Execution/BuildExecutor.cs:line 120
V | Compile              | EventInvoker.OnTargetFailed (-3.4028235E+38)
