V |                      | ArgumentsFromParametersFile.OnBuildCreated (150)
V |                      | HandleReSharperSurrogateArguments.OnBuildCreated (150)
V |                      | InjectParameterValues.OnBuildCreated (100)
V |                      | HandleShellCompletion.OnBuildCreated (75)
V |                      | GenerateBuildServerConfigurations.OnBuildCreated (50)
V |                      | InvokeBuildServerConfigurationGeneration.OnBuildCreated (45)
V |                      | UpdateNotification.OnBuildCreated (10)
V |                      | UnsetVisualStudioEnvironmentVariables.OnBuildCreated (0)
V |                      | HandleVisualStudioDebugging.OnBuildCreated (0)
V |                      | EventInvoker.OnBuildCreated (-3.4028235E+38)
V |                      | HandlePlanRequests.OnBuildInitialized (10)
V |                      | HandleHelpRequests.OnBuildInitialized (5)
V |                      | Telemetry.OnBuildInitialized (0)
V |                      | Sending BuildStarted telemetry event ...
V |                      |   build_components         = 
V |                      |   build_type               = Project
V |                      |   compile_time             = <null>
V |                      |   config_generators        = GitHubActions
V |                      |   host                     = Rider
V |                      |   num_custom_components    = 0
V |                      |   num_custom_extensions    = 0
V |                      |   num_partitioned_targets  = 0
V |                      |   num_secrets              = 1
V |                      |   num_targets              = 9
V |                      |   os_architecture          = Arm64
V |                      |   os_platform              = OSX
V |                      |   repo_branch              = main
V |                      |   repo_commit              = 126402
V |                      |   repo_provider            = GitHub
V |                      |   repo_url                 = b37034
V |                      |   target_framework         = .NETCoreApp,Version=v9.0
V |                      |   version_dotnet_sdk       = 9.0.302
V |                      |   version_nuke_common      = 9.0.4
V |                      |   version_nuke_global_tool = <null>
V |                      | InjectNonParameterValues.OnBuildInitialized (-100)
I |                      | > /opt/homebrew/bin/dotnet /Users/philippe/.nuget/packages/octopus.octoversion.tool/1.0.9/tools/net9.0/any/OctoVersion.Tool.dll octoversion --OutputJsonFile /Users/philippe/repo/github/Mutty/.nuke/temp/octoversion.a0b2ff45-393e-4856-84ab-4848881feffa.json --DetectEnvironment true --CurrentBranch main --Major 1
V |                      | @ /Users/philippe/repo/github/Mutty
D |                      | [14:59:33 DBG] Running OctoVersion 1.0.9+Branch.main.Sha.bc7affed7aa3d6702f7dfd4a435644e70fa4f943.bc7affed7aa3d6702f7dfd4a435644e70fa4f943 with AppSettings {CurrentBranch="main", NonPreReleaseTags=["main", "master"], NonPreReleaseTagsRegex="", RepositoryPath="", Major=1, Minor=null, Patch=null, PreReleaseTag=null, BuildMetadata=null, FullSemVer=null, OutputFormats=[], DetectEnvironment=True, OutputJsonFile="/Users/philippe/repo/github/Mutty/.nuke/temp/octoversion.a0b2ff45-393e-4856-84ab-4848881feffa.json"}
D |                      | [14:59:33 DBG] Executing in /Users/philippe/repo/github/Mutty
D |                      | [14:59:33 DBG] Writing build output using JsonFileOutputFormatter
D |                      | [14:59:33 INF] Beginning operation 33eda6aa-f775-4699-b1bb-8fb3d59cc172: Calculating version
D |                      | [14:59:33 DBG] Located Git repository in /Users/philippe/repo/github/Mutty/.git/
D |                      | [14:59:33 INF] Beginning operation 64044bad-785c-4a3e-bd14-3bd3e328e186: Loading commits
D |                      | [14:59:33 DBG] Repository contains 53 commits
D |                      | [14:59:33 INF] Completed operation 64044bad-785c-4a3e-bd14-3bd3e328e186: Loading commits in 00:00:00.0178750 (17 ms)
D |                      | [14:59:33 INF] Beginning operation edf95403-2571-472f-a25e-756720112c89: Mapping commits into internal representation
D |                      | [14:59:33 INF] Completed operation edf95403-2571-472f-a25e-756720112c89: Mapping commits into internal representation in 00:00:00.0032140 (3 ms)
D |                      | [14:59:33 INF] Beginning operation dadd4a86-7c57-41a9-bc65-ef37b8d4ae8a: Establishing parent/child relationships
D |                      | [14:59:33 INF] Completed operation dadd4a86-7c57-41a9-bc65-ef37b8d4ae8a: Establishing parent/child relationships in 00:00:00.0012667 (1 ms)
D |                      | [14:59:33 INF] Beginning operation 83e501be-d777-4635-9e74-fa32796f4ecb: Loading tags
D |                      | [14:59:33 DBG] Repository contains 5 tags
D |                      | [14:59:33 INF] Completed operation 83e501be-d777-4635-9e74-fa32796f4ecb: Loading tags in 00:00:00.0039017 (3 ms)
D |                      | [14:59:33 INF] Beginning operation efee5b6c-f161-4bc6-b384-a87dcb3bbf08: Applying relevant version tags to each commit
D |                      | [14:59:33 INF] Completed operation efee5b6c-f161-4bc6-b384-a87dcb3bbf08: Applying relevant version tags to each commit in 00:00:00.0006446 (0 ms)
D |                      | [14:59:33 DBG] main is contained within the set of non-pre-release branches ["main", "master"]; no pre-release tag is being added
D |                      | [14:59:33 DBG] Overriding derived major version 1 with 1
D |                      | [14:59:33 DBG] Using build metadata Branch.main.Sha.f29e4964eed61c2e387b39280804d630771d25f6
D |                      | [14:59:33 INF] Completed operation 33eda6aa-f775-4699-b1bb-8fb3d59cc172: Calculating version in 00:00:00.0458617 (45 ms)
D |                      | [14:59:33 INF] Version is 1.0.49
D |                      | [14:59:33 INF] Writing version info to /Users/philippe/repo/github/Mutty/.nuke/temp/octoversion.a0b2ff45-393e-4856-84ab-4848881feffa.json
V |                      | EventInvoker.OnBuildInitialized (-3.4028235E+38)
V | Clean                | EventInvoker.OnTargetRunning (-3.4028235E+38)
I | Clean                | > /opt/homebrew/bin/dotnet clean /Users/philippe/repo/github/Mutty/src/library/Mutty/Mutty.csproj
V | Clean                | @ /Users/philippe/repo/github/Mutty
D | Clean                | Build started 7/15/2025 2:59:33 PM.
D | Clean                | 
D | Clean                | Build succeeded.
D | Clean                |     0 Warning(s)
D | Clean                |     0 Error(s)
D | Clean                | 
D | Clean                | Time Elapsed 00:00:00.24
I | Clean                | > /opt/homebrew/bin/dotnet clean /Users/philippe/repo/github/Mutty/src/tests/Mutty.Tests/Mutty.Tests.csproj
V | Clean                | @ /Users/philippe/repo/github/Mutty
D | Clean                | Build started 7/15/2025 2:59:34 PM.
D | Clean                |      1>Project "/Users/philippe/repo/github/Mutty/src/tests/Mutty.Tests/Mutty.Tests.csproj" on node 1 (Clean target(s)).
E | Clean                |      1>/Users/philippe/repo/github/Mutty/src/tests/Mutty.Tests/Mutty.Tests.csproj : error NU1504: Warning As Error: Duplicate 'PackageReference' items found. Remove the duplicate items or use the Update functionality to ensure a consistent restore behavior. The duplicate 'PackageReference' items are: Microsoft.NET.Test.Sdk , Microsoft.NET.Test.Sdk ; NUnit , NUnit ; NUnit.Analyzers , NUnit.Analyzers ; NUnit3TestAdapter , NUnit3TestAdapter ; coverlet.collector , coverlet.collector .
D | Clean                |      1>Done Building Project "/Users/philippe/repo/github/Mutty/src/tests/Mutty.Tests/Mutty.Tests.csproj" (Clean target(s)) -- FAILED.
D | Clean                | 
D | Clean                | Build FAILED.
D | Clean                | 
D | Clean                |        "/Users/philippe/repo/github/Mutty/src/tests/Mutty.Tests/Mutty.Tests.csproj" (Clean target) (1) ->
D | Clean                |        (CollectPackageReferences target) -> 
E | Clean                |          /Users/philippe/repo/github/Mutty/src/tests/Mutty.Tests/Mutty.Tests.csproj : error NU1504: Warning As Error: Duplicate 'PackageReference' items found. Remove the duplicate items or use the Update functionality to ensure a consistent restore behavior. The duplicate 'PackageReference' items are: Microsoft.NET.Test.Sdk , Microsoft.NET.Test.Sdk ; NUnit , NUnit ; NUnit.Analyzers , NUnit.Analyzers ; NUnit3TestAdapter , NUnit3TestAdapter ; coverlet.collector , coverlet.collector .
D | Clean                | 
D | Clean                |     0 Warning(s)
D | Clean                |     1 Error(s)
D | Clean                | 
D | Clean                | Time Elapsed 00:00:00.23
E | Clean                | Target Clean has thrown an exception
Nuke.Common.Tooling.ProcessException: Process 'dotnet' exited with code 1.
   > /opt/homebrew/bin/dotnet clean /Users/philippe/repo/github/Mutty/src/tests/Mutty.Tests/Mutty.Tests.csproj
   @ /Users/philippe/repo/github/Mutty
Standard output:
   Build started 7/15/2025 2:59:34 PM.
        1>Project "/Users/philippe/repo/github/Mutty/src/tests/Mutty.Tests/Mutty.Tests.csproj" on node 1 (Clean target(s)).
        1>/Users/philippe/repo/github/Mutty/src/tests/Mutty.Tests/Mutty.Tests.csproj : error NU1504: Warning As Error: Duplicate 'PackageReference' items found. Remove the duplicate items or use the Update functionality to ensure a consistent restore behavior. The duplicate 'PackageReference' items are: Microsoft.NET.Test.Sdk , Microsoft.NET.Test.Sdk ; NUnit , NUnit ; NUnit.Analyzers , NUnit.Analyzers ; NUnit3TestAdapter , NUnit3TestAdapter ; coverlet.collector , coverlet.collector .
        1>Done Building Project "/Users/philippe/repo/github/Mutty/src/tests/Mutty.Tests/Mutty.Tests.csproj" (Clean target(s)) -- FAILED.
   
   Build FAILED.
   
          "/Users/philippe/repo/github/Mutty/src/tests/Mutty.Tests/Mutty.Tests.csproj" (Clean target) (1) ->
          (CollectPackageReferences target) -> 
            /Users/philippe/repo/github/Mutty/src/tests/Mutty.Tests/Mutty.Tests.csproj : error NU1504: Warning As Error: Duplicate 'PackageReference' items found. Remove the duplicate items or use the Update functionality to ensure a consistent restore behavior. The duplicate 'PackageReference' items are: Microsoft.NET.Test.Sdk , Microsoft.NET.Test.Sdk ; NUnit , NUnit ; NUnit.Analyzers , NUnit.Analyzers ; NUnit3TestAdapter , NUnit3TestAdapter ; coverlet.collector , coverlet.collector .
   
       0 Warning(s)
       1 Error(s)
   
   Time Elapsed 00:00:00.23

   at Nuke.Common.Tooling.ProcessExtensions.AssertZeroExitCode(IProcess process) in /_/source/Nuke.Tooling/ProcessExtensions.cs:line 38
   at Nuke.Common.Tooling.ToolTasks.<>c.<GetExitHandler>b__4_0(ToolOptions _, IProcess p) in /_/source/Nuke.Tooling/ToolTasks.ExitHandler.cs:line 27
   at Nuke.Common.Tooling.ToolTasks.<>c__DisplayClass8_0.<GetExitHandlerInternal>b__3(ToolOptions o, IProcess p) in /_/source/Nuke.Tooling/ToolTasks.ExitHandler.cs:line 22
   at Nuke.Common.Tooling.ToolTasks.Run[T](T options) in /_/source/Nuke.Tooling/ToolTasks.Run.cs:line 36
   at Nuke.Common.Tools.DotNet.DotNetTasks.DotNetClean(Configure`1 configurator) in /_/source/Nuke.Common/Tools/DotNet/DotNet.Generated.cs:line 76
   at Build.<get_Clean>b__27_1() in /Users/philippe/repo/github/Mutty/build/Build.cs:line 114
   at Nuke.Common.Execution.BuildExecutor.<>c.<Execute>b__4_2(Action x) in /_/source/Nuke.Build/Execution/BuildExecutor.cs:line 120
   at System.Collections.Generic.List`1.ForEach(Action`1 action)
   at Nuke.Common.Execution.BuildExecutor.Execute(NukeBuild build, ExecutableTarget target, IReadOnlyCollection`1 previouslyExecutedTargets, Boolean failureMode) in /_/source/Nuke.Build/Execution/BuildExecutor.cs:line 120
V | Clean                | EventInvoker.OnTargetFailed (-3.4028235E+38)
