V |                      | ArgumentsFromParametersFile.OnBuildCreated (150)
V |                      | HandleReSharperSurrogateArguments.OnBuildCreated (150)
V |                      | InjectParameterValues.OnBuildCreated (100)
V |                      | HandleShellCompletion.OnBuildCreated (75)
V |                      | GenerateBuildServerConfigurations.OnBuildCreated (50)
V |                      | InvokeBuildServerConfigurationGeneration.OnBuildCreated (45)
V |                      | UpdateNotification.OnBuildCreated (10)
V |                      | UnsetVisualStudioEnvironmentVariables.OnBuildCreated (0)
V |                      | HandleVisualStudioDebugging.OnBuildCreated (0)
V |                      | EventInvoker.OnBuildCreated (-3.4028235E+38)
V |                      | HandlePlanRequests.OnBuildInitialized (10)
V |                      | HandleHelpRequests.OnBuildInitialized (5)
V |                      | Telemetry.OnBuildInitialized (0)
V |                      | Sending BuildStarted telemetry event ...
V |                      |   build_components         = 
V |                      |   build_type               = Project
V |                      |   compile_time             = <null>
V |                      |   config_generators        = GitHubActions
V |                      |   host                     = Terminal
V |                      |   num_custom_components    = 0
V |                      |   num_custom_extensions    = 0
V |                      |   num_partitioned_targets  = 0
V |                      |   num_secrets              = 1
V |                      |   num_targets              = 11
V |                      |   os_architecture          = Arm64
V |                      |   os_platform              = OSX
V |                      |   repo_branch              = release
V |                      |   repo_commit              = e7609d
V |                      |   repo_provider            = GitHub
V |                      |   repo_url                 = b37034
V |                      |   target_framework         = .NETCoreApp,Version=v10.0
V |                      |   version_dotnet_sdk       = 10.0.203
V |                      |   version_nuke_common      = 10.1.0
V |                      |   version_nuke_global_tool = <null>
V |                      | InjectNonParameterValues.OnBuildInitialized (-100)
I |                      | > /opt/homebrew/bin/dotnet /Users/philippe/.nuget/packages/octopus.octoversion.tool/1.0.21/tools/net10.0/any/OctoVersion.Tool.dll octoversion --OutputJsonFile /Users/philippe/repo/github/Mutty/.nuke/temp/octoversion.cbd5c855-ebb7-4b0c-8465-5e01418613ed.json --DetectEnvironment true --CurrentBranch release/v2.0.0 --Major 1
V |                      | @ /Users/philippe/repo/github/Mutty
D |                      | [19:07:34 DBG] Running OctoVersion 1.0.21+Branch.main.Sha.c83b8432da2528c66314c7bdeaf81e602185dc25.c83b8432da2528c66314c7bdeaf81e602185dc25 with AppSettings {CurrentBranch="release/v2.0.0", NonPreReleaseTags=["main", "master"], NonPreReleaseTagsRegex="", RepositoryPath="", Major=1, Minor=null, Patch=null, PreReleaseTag=null, BuildMetadata=null, FullSemVer=null, OutputFormats=[], DetectEnvironment=True, OutputJsonFile="/Users/philippe/repo/github/Mutty/.nuke/temp/octoversion.cbd5c855-ebb7-4b0c-8465-5e01418613ed.json"}
D |                      | [19:07:34 DBG] Executing in /Users/philippe/repo/github/Mutty
D |                      | [19:07:34 DBG] Writing build output using JsonFileOutputFormatter
D |                      | [19:07:34 INF] Beginning operation a48c4e2c-3600-44f9-9253-50a8f6f3eea1: Calculating version
D |                      | [19:07:34 DBG] Located Git repository in /Users/philippe/repo/github/Mutty/.git/
D |                      | [19:07:34 INF] Beginning operation 0530ab9f-95c6-42ad-a561-3b86378c1847: Loading commits
D |                      | [19:07:34 DBG] Repository contains 139 commits
D |                      | [19:07:34 INF] Completed operation 0530ab9f-95c6-42ad-a561-3b86378c1847: Loading commits in 00:00:00.0173387 (17 ms)
D |                      | [19:07:34 INF] Beginning operation 99193a98-bdf0-482c-ab00-12b577535787: Mapping commits into internal representation
D |                      | [19:07:34 INF] Completed operation 99193a98-bdf0-482c-ab00-12b577535787: Mapping commits into internal representation in 00:00:00.0046962 (4 ms)
D |                      | [19:07:34 INF] Beginning operation 48699730-bd3f-4a7d-a4bd-462e57b121c6: Establishing parent/child relationships
D |                      | [19:07:34 INF] Completed operation 48699730-bd3f-4a7d-a4bd-462e57b121c6: Establishing parent/child relationships in 00:00:00.0014181 (1 ms)
D |                      | [19:07:34 INF] Beginning operation 94567b89-067a-4a20-8245-40cc7b5b0cea: Loading tags
D |                      | [19:07:34 DBG] Repository contains 34 tags
D |                      | [19:07:34 INF] Completed operation 94567b89-067a-4a20-8245-40cc7b5b0cea: Loading tags in 00:00:00.0045964 (4 ms)
D |                      | [19:07:34 INF] Beginning operation e82edf40-6969-4bb2-873a-bb330e6b1695: Applying relevant version tags to each commit
D |                      | [19:07:34 INF] Completed operation e82edf40-6969-4bb2-873a-bb330e6b1695: Applying relevant version tags to each commit in 00:00:00.0007928 (0 ms)
D |                      | [19:07:34 DBG] Using pre-release tag release-v2.0.0
D |                      | [19:07:34 DBG] Overriding derived major version 1 with 1
D |                      | [19:07:34 DBG] Using build metadata Branch.release-v2.0.0.Sha.31d7865dcdd6bb83e598dfc39087150153f0ad26
D |                      | [19:07:34 INF] Completed operation a48c4e2c-3600-44f9-9253-50a8f6f3eea1: Calculating version in 00:00:00.4499484 (449 ms)
D |                      | [19:07:34 INF] Version is 1.0.94-release-v2.0.0
D |                      | [19:07:34 INF] Writing version info to /Users/philippe/repo/github/Mutty/.nuke/temp/octoversion.cbd5c855-ebb7-4b0c-8465-5e01418613ed.json
V |                      | EventInvoker.OnBuildInitialized (-3.4028235E+38)
V | Version              | EventInvoker.OnTargetRunning (-3.4028235E+38)
I | Version              | GitVersion = 1.0.94-release-v2.0.0
V | Version              | Telemetry.OnTargetSucceeded (0)
V | Version              | EventInvoker.OnTargetSucceeded (-3.4028235E+38)
V |                      | UpdateNotification.OnBuildFinished (10)
V |                      | SerializeBuildServerState.OnBuildFinished (0)
V |                      | EventInvoker.OnBuildFinished (-3.4028235E+38)
