[     148ms] [INFO] [2026-04-02T13:47:26.375Z] Information: Normalizing '_blazor' to 'http://localhost:5273/_blazor'. @ http://localhost:5273/_framework/blazor.web.js:0
[     169ms] [INFO] [2026-04-02T13:47:26.396Z] Information: WebSocket connected to ws://localhost:5273/_blazor?id=7y16j7VP8hC3v1r_CNLerw. @ http://localhost:5273/_framework/blazor.web.js:0
[  218818ms] [ERROR] [2026-04-02T13:51:05.046Z] Error: Connection disconnected with error 'Error: WebSocket closed with status code: 1006 (no reason given).'. @ http://localhost:5273/_framework/blazor.web.js:0
[  218820ms] [INFO] [2026-04-02T13:51:05.048Z] Information: Normalizing '_blazor' to 'http://localhost:5273/_blazor'. @ http://localhost:5273/_framework/blazor.web.js:0
[  218834ms] [INFO] [2026-04-02T13:51:05.061Z] Information: WebSocket connected to ws://localhost:5273/_blazor?id=h8IGgEnJd0UMW-tT8vsQrg. @ http://localhost:5273/_framework/blazor.web.js:0
[  223389ms] [ERROR] [2026-04-02T13:51:09.616Z] Error: Connection disconnected with error 'Error: WebSocket closed with status code: 1006 (no reason given).'. @ http://localhost:5273/_framework/blazor.web.js:0
[  223389ms] [INFO] [2026-04-02T13:51:09.617Z] Information: Normalizing '_blazor' to 'http://localhost:5273/_blazor'. @ http://localhost:5273/_framework/blazor.web.js:0
[  225750ms] [ERROR] Failed to load resource: net::ERR_CONNECTION_REFUSED @ http://localhost:5273/_blazor/negotiate?negotiateVersion=1:0
[  225750ms] [WARNING] [2026-04-02T13:51:11.978Z] Warning: Error from HTTP request. TypeError: Failed to fetch. @ http://localhost:5273/_framework/blazor.web.js:0
[  225750ms] [ERROR] [2026-04-02T13:51:11.978Z] Error: Failed to complete negotiation with the server: TypeError: Failed to fetch @ http://localhost:5273/_framework/blazor.web.js:0
[  225750ms] [ERROR] [2026-04-02T13:51:11.978Z] Error: Failed to start the connection: Error: Failed to complete negotiation with the server: TypeError: Failed to fetch @ http://localhost:5273/_framework/blazor.web.js:0
[  225751ms] [ERROR] [2026-04-02T13:51:11.978Z] Error: Error: Failed to complete negotiation with the server: TypeError: Failed to fetch @ http://localhost:5273/_framework/blazor.web.js:0
[  225751ms] [ERROR] [2026-04-02T13:51:11.979Z] Error: Error: Failed to complete negotiation with the server: TypeError: Failed to fetch @ http://localhost:5273/_framework/blazor.web.js:0
[  225751ms] [INFO] [2026-04-02T13:51:11.979Z] Information: Normalizing '_blazor' to 'http://localhost:5273/_blazor'. @ http://localhost:5273/_framework/blazor.web.js:0
[  226014ms] [ERROR] Failed to load resource: net::ERR_CONNECTION_REFUSED @ http://localhost:5273/_blazor/negotiate?negotiateVersion=1:0
[  226014ms] [WARNING] [2026-04-02T13:51:12.241Z] Warning: Error from HTTP request. TypeError: Failed to fetch. @ http://localhost:5273/_framework/blazor.web.js:0
[  226014ms] [ERROR] [2026-04-02T13:51:12.241Z] Error: Failed to complete negotiation with the server: TypeError: Failed to fetch @ http://localhost:5273/_framework/blazor.web.js:0
[  226014ms] [ERROR] [2026-04-02T13:51:12.242Z] Error: Failed to start the connection: Error: Failed to complete negotiation with the server: TypeError: Failed to fetch @ http://localhost:5273/_framework/blazor.web.js:0
[  226014ms] [ERROR] [2026-04-02T13:51:12.242Z] Error: Error: Failed to complete negotiation with the server: TypeError: Failed to fetch @ http://localhost:5273/_framework/blazor.web.js:0
[  226014ms] [ERROR] [2026-04-02T13:51:12.242Z] Error: Error: Failed to complete negotiation with the server: TypeError: Failed to fetch @ http://localhost:5273/_framework/blazor.web.js:0
[  226014ms] [INFO] [2026-04-02T13:51:12.242Z] Information: Normalizing '_blazor' to 'http://localhost:5273/_blazor'. @ http://localhost:5273/_framework/blazor.web.js:0
[  228087ms] [ERROR] Failed to load resource: net::ERR_CONNECTION_REFUSED @ http://localhost:5273/_blazor/negotiate?negotiateVersion=1:0
[  228088ms] [WARNING] [2026-04-02T13:51:14.315Z] Warning: Error from HTTP request. TypeError: Failed to fetch. @ http://localhost:5273/_framework/blazor.web.js:0
[  228088ms] [ERROR] [2026-04-02T13:51:14.315Z] Error: Failed to complete negotiation with the server: TypeError: Failed to fetch @ http://localhost:5273/_framework/blazor.web.js:0
[  228088ms] [ERROR] [2026-04-02T13:51:14.315Z] Error: Failed to start the connection: Error: Failed to complete negotiation with the server: TypeError: Failed to fetch @ http://localhost:5273/_framework/blazor.web.js:0
[  228088ms] [ERROR] [2026-04-02T13:51:14.315Z] Error: Error: Failed to complete negotiation with the server: TypeError: Failed to fetch @ http://localhost:5273/_framework/blazor.web.js:0
[  228088ms] [ERROR] [2026-04-02T13:51:14.315Z] Error: Error: Failed to complete negotiation with the server: TypeError: Failed to fetch @ http://localhost:5273/_framework/blazor.web.js:0
[  228088ms] [INFO] [2026-04-02T13:51:14.315Z] Information: Normalizing '_blazor' to 'http://localhost:5273/_blazor'. @ http://localhost:5273/_framework/blazor.web.js:0
[  228336ms] [ERROR] Failed to load resource: net::ERR_CONNECTION_REFUSED @ http://localhost:5273/_blazor/negotiate?negotiateVersion=1:0
[  228336ms] [WARNING] [2026-04-02T13:51:14.563Z] Warning: Error from HTTP request. TypeError: Failed to fetch. @ http://localhost:5273/_framework/blazor.web.js:0
[  228336ms] [ERROR] [2026-04-02T13:51:14.563Z] Error: Failed to complete negotiation with the server: TypeError: Failed to fetch @ http://localhost:5273/_framework/blazor.web.js:0
[  228336ms] [ERROR] [2026-04-02T13:51:14.563Z] Error: Failed to start the connection: Error: Failed to complete negotiation with the server: TypeError: Failed to fetch @ http://localhost:5273/_framework/blazor.web.js:0
[  228336ms] [ERROR] [2026-04-02T13:51:14.563Z] Error: Error: Failed to complete negotiation with the server: TypeError: Failed to fetch @ http://localhost:5273/_framework/blazor.web.js:0
[  228336ms] [ERROR] [2026-04-02T13:51:14.564Z] Error: Error: Failed to complete negotiation with the server: TypeError: Failed to fetch @ http://localhost:5273/_framework/blazor.web.js:0
[  228336ms] [INFO] [2026-04-02T13:51:14.564Z] Information: Normalizing '_blazor' to 'http://localhost:5273/_blazor'. @ http://localhost:5273/_framework/blazor.web.js:0
[  230412ms] [ERROR] Failed to load resource: net::ERR_CONNECTION_REFUSED @ http://localhost:5273/_blazor/negotiate?negotiateVersion=1:0
[  230412ms] [WARNING] [2026-04-02T13:51:16.640Z] Warning: Error from HTTP request. TypeError: Failed to fetch. @ http://localhost:5273/_framework/blazor.web.js:0
[  230413ms] [ERROR] [2026-04-02T13:51:16.640Z] Error: Failed to complete negotiation with the server: TypeError: Failed to fetch @ http://localhost:5273/_framework/blazor.web.js:0
[  230413ms] [ERROR] [2026-04-02T13:51:16.640Z] Error: Failed to start the connection: Error: Failed to complete negotiation with the server: TypeError: Failed to fetch @ http://localhost:5273/_framework/blazor.web.js:0
[  230413ms] [ERROR] [2026-04-02T13:51:16.640Z] Error: Error: Failed to complete negotiation with the server: TypeError: Failed to fetch @ http://localhost:5273/_framework/blazor.web.js:0
[  230413ms] [ERROR] [2026-04-02T13:51:16.640Z] Error: Error: Failed to complete negotiation with the server: TypeError: Failed to fetch @ http://localhost:5273/_framework/blazor.web.js:0
[  230413ms] [INFO] [2026-04-02T13:51:16.640Z] Information: Normalizing '_blazor' to 'http://localhost:5273/_blazor'. @ http://localhost:5273/_framework/blazor.web.js:0
[  230663ms] [ERROR] Failed to load resource: net::ERR_CONNECTION_REFUSED @ http://localhost:5273/_blazor/negotiate?negotiateVersion=1:0
[  230663ms] [WARNING] [2026-04-02T13:51:16.891Z] Warning: Error from HTTP request. TypeError: Failed to fetch. @ http://localhost:5273/_framework/blazor.web.js:0
[  230663ms] [ERROR] [2026-04-02T13:51:16.891Z] Error: Failed to complete negotiation with the server: TypeError: Failed to fetch @ http://localhost:5273/_framework/blazor.web.js:0
[  230663ms] [ERROR] [2026-04-02T13:51:16.891Z] Error: Failed to start the connection: Error: Failed to complete negotiation with the server: TypeError: Failed to fetch @ http://localhost:5273/_framework/blazor.web.js:0
[  230663ms] [ERROR] [2026-04-02T13:51:16.891Z] Error: Error: Failed to complete negotiation with the server: TypeError: Failed to fetch @ http://localhost:5273/_framework/blazor.web.js:0
[  230663ms] [ERROR] [2026-04-02T13:51:16.891Z] Error: Error: Failed to complete negotiation with the server: TypeError: Failed to fetch @ http://localhost:5273/_framework/blazor.web.js:0
[  230663ms] [INFO] [2026-04-02T13:51:16.891Z] Information: Normalizing '_blazor' to 'http://localhost:5273/_blazor'. @ http://localhost:5273/_framework/blazor.web.js:0
[  232733ms] [ERROR] Failed to load resource: net::ERR_CONNECTION_REFUSED @ http://localhost:5273/_blazor/negotiate?negotiateVersion=1:0
[  232733ms] [WARNING] [2026-04-02T13:51:18.960Z] Warning: Error from HTTP request. TypeError: Failed to fetch. @ http://localhost:5273/_framework/blazor.web.js:0
[  232733ms] [ERROR] [2026-04-02T13:51:18.961Z] Error: Failed to complete negotiation with the server: TypeError: Failed to fetch @ http://localhost:5273/_framework/blazor.web.js:0
[  232733ms] [ERROR] [2026-04-02T13:51:18.961Z] Error: Failed to start the connection: Error: Failed to complete negotiation with the server: TypeError: Failed to fetch @ http://localhost:5273/_framework/blazor.web.js:0
[  232733ms] [ERROR] [2026-04-02T13:51:18.961Z] Error: Error: Failed to complete negotiation with the server: TypeError: Failed to fetch @ http://localhost:5273/_framework/blazor.web.js:0
[  232733ms] [ERROR] [2026-04-02T13:51:18.961Z] Error: Error: Failed to complete negotiation with the server: TypeError: Failed to fetch @ http://localhost:5273/_framework/blazor.web.js:0
[  232733ms] [INFO] [2026-04-02T13:51:18.961Z] Information: Normalizing '_blazor' to 'http://localhost:5273/_blazor'. @ http://localhost:5273/_framework/blazor.web.js:0
[  233001ms] [ERROR] Failed to load resource: net::ERR_CONNECTION_REFUSED @ http://localhost:5273/_blazor/negotiate?negotiateVersion=1:0
[  233001ms] [WARNING] [2026-04-02T13:51:19.229Z] Warning: Error from HTTP request. TypeError: Failed to fetch. @ http://localhost:5273/_framework/blazor.web.js:0
[  233001ms] [ERROR] [2026-04-02T13:51:19.229Z] Error: Failed to complete negotiation with the server: TypeError: Failed to fetch @ http://localhost:5273/_framework/blazor.web.js:0
[  233001ms] [ERROR] [2026-04-02T13:51:19.229Z] Error: Failed to start the connection: Error: Failed to complete negotiation with the server: TypeError: Failed to fetch @ http://localhost:5273/_framework/blazor.web.js:0
[  233001ms] [ERROR] [2026-04-02T13:51:19.229Z] Error: Error: Failed to complete negotiation with the server: TypeError: Failed to fetch @ http://localhost:5273/_framework/blazor.web.js:0
[  233001ms] [ERROR] [2026-04-02T13:51:19.229Z] Error: Error: Failed to complete negotiation with the server: TypeError: Failed to fetch @ http://localhost:5273/_framework/blazor.web.js:0
[  233002ms] [INFO] [2026-04-02T13:51:19.229Z] Information: Normalizing '_blazor' to 'http://localhost:5273/_blazor'. @ http://localhost:5273/_framework/blazor.web.js:0
[  235105ms] [ERROR] Failed to load resource: net::ERR_CONNECTION_REFUSED @ http://localhost:5273/_blazor/negotiate?negotiateVersion=1:0
[  235106ms] [WARNING] [2026-04-02T13:51:21.333Z] Warning: Error from HTTP request. TypeError: Failed to fetch. @ http://localhost:5273/_framework/blazor.web.js:0
[  235106ms] [ERROR] [2026-04-02T13:51:21.333Z] Error: Failed to complete negotiation with the server: TypeError: Failed to fetch @ http://localhost:5273/_framework/blazor.web.js:0
[  235106ms] [ERROR] [2026-04-02T13:51:21.333Z] Error: Failed to start the connection: Error: Failed to complete negotiation with the server: TypeError: Failed to fetch @ http://localhost:5273/_framework/blazor.web.js:0
[  235106ms] [ERROR] [2026-04-02T13:51:21.333Z] Error: Error: Failed to complete negotiation with the server: TypeError: Failed to fetch @ http://localhost:5273/_framework/blazor.web.js:0
[  235106ms] [ERROR] [2026-04-02T13:51:21.333Z] Error: Error: Failed to complete negotiation with the server: TypeError: Failed to fetch @ http://localhost:5273/_framework/blazor.web.js:0
[  235106ms] [INFO] [2026-04-02T13:51:21.333Z] Information: Normalizing '_blazor' to 'http://localhost:5273/_blazor'. @ http://localhost:5273/_framework/blazor.web.js:0
[  235355ms] [ERROR] Failed to load resource: net::ERR_CONNECTION_REFUSED @ http://localhost:5273/_blazor/negotiate?negotiateVersion=1:0
[  235355ms] [WARNING] [2026-04-02T13:51:21.582Z] Warning: Error from HTTP request. TypeError: Failed to fetch. @ http://localhost:5273/_framework/blazor.web.js:0
[  235355ms] [ERROR] [2026-04-02T13:51:21.582Z] Error: Failed to complete negotiation with the server: TypeError: Failed to fetch @ http://localhost:5273/_framework/blazor.web.js:0
[  235355ms] [ERROR] [2026-04-02T13:51:21.582Z] Error: Failed to start the connection: Error: Failed to complete negotiation with the server: TypeError: Failed to fetch @ http://localhost:5273/_framework/blazor.web.js:0
[  235355ms] [ERROR] [2026-04-02T13:51:21.582Z] Error: Error: Failed to complete negotiation with the server: TypeError: Failed to fetch @ http://localhost:5273/_framework/blazor.web.js:0
[  235355ms] [ERROR] [2026-04-02T13:51:21.583Z] Error: Error: Failed to complete negotiation with the server: TypeError: Failed to fetch @ http://localhost:5273/_framework/blazor.web.js:0
[  240361ms] [INFO] [2026-04-02T13:51:26.589Z] Information: Normalizing '_blazor' to 'http://localhost:5273/_blazor'. @ http://localhost:5273/_framework/blazor.web.js:0
[  242704ms] [ERROR] Failed to load resource: net::ERR_CONNECTION_REFUSED @ http://localhost:5273/_blazor/negotiate?negotiateVersion=1:0
[  242704ms] [WARNING] [2026-04-02T13:51:28.932Z] Warning: Error from HTTP request. TypeError: Failed to fetch. @ http://localhost:5273/_framework/blazor.web.js:0
[  242705ms] [ERROR] [2026-04-02T13:51:28.932Z] Error: Failed to complete negotiation with the server: TypeError: Failed to fetch @ http://localhost:5273/_framework/blazor.web.js:0
[  242705ms] [ERROR] [2026-04-02T13:51:28.932Z] Error: Failed to start the connection: Error: Failed to complete negotiation with the server: TypeError: Failed to fetch @ http://localhost:5273/_framework/blazor.web.js:0
[  242705ms] [ERROR] [2026-04-02T13:51:28.932Z] Error: Error: Failed to complete negotiation with the server: TypeError: Failed to fetch @ http://localhost:5273/_framework/blazor.web.js:0
[  242705ms] [ERROR] [2026-04-02T13:51:28.932Z] Error: Error: Failed to complete negotiation with the server: TypeError: Failed to fetch @ http://localhost:5273/_framework/blazor.web.js:0
[  247713ms] [INFO] [2026-04-02T13:51:33.941Z] Information: Normalizing '_blazor' to 'http://localhost:5273/_blazor'. @ http://localhost:5273/_framework/blazor.web.js:0
[  250035ms] [ERROR] Failed to load resource: net::ERR_CONNECTION_REFUSED @ http://localhost:5273/_blazor/negotiate?negotiateVersion=1:0
[  250035ms] [WARNING] [2026-04-02T13:51:36.262Z] Warning: Error from HTTP request. TypeError: Failed to fetch. @ http://localhost:5273/_framework/blazor.web.js:0
[  250035ms] [ERROR] [2026-04-02T13:51:36.263Z] Error: Failed to complete negotiation with the server: TypeError: Failed to fetch @ http://localhost:5273/_framework/blazor.web.js:0
[  250035ms] [ERROR] [2026-04-02T13:51:36.263Z] Error: Failed to start the connection: Error: Failed to complete negotiation with the server: TypeError: Failed to fetch @ http://localhost:5273/_framework/blazor.web.js:0
[  250035ms] [ERROR] [2026-04-02T13:51:36.263Z] Error: Error: Failed to complete negotiation with the server: TypeError: Failed to fetch @ http://localhost:5273/_framework/blazor.web.js:0
[  250035ms] [ERROR] [2026-04-02T13:51:36.263Z] Error: Error: Failed to complete negotiation with the server: TypeError: Failed to fetch @ http://localhost:5273/_framework/blazor.web.js:0
[  255045ms] [INFO] [2026-04-02T13:51:41.273Z] Information: Normalizing '_blazor' to 'http://localhost:5273/_blazor'. @ http://localhost:5273/_framework/blazor.web.js:0
[  257413ms] [ERROR] Failed to load resource: net::ERR_CONNECTION_REFUSED @ http://localhost:5273/_blazor/negotiate?negotiateVersion=1:0
[  257413ms] [WARNING] [2026-04-02T13:51:43.641Z] Warning: Error from HTTP request. TypeError: Failed to fetch. @ http://localhost:5273/_framework/blazor.web.js:0
[  257413ms] [ERROR] [2026-04-02T13:51:43.641Z] Error: Failed to complete negotiation with the server: TypeError: Failed to fetch @ http://localhost:5273/_framework/blazor.web.js:0
[  257414ms] [ERROR] [2026-04-02T13:51:43.641Z] Error: Failed to start the connection: Error: Failed to complete negotiation with the server: TypeError: Failed to fetch @ http://localhost:5273/_framework/blazor.web.js:0
[  257414ms] [ERROR] [2026-04-02T13:51:43.641Z] Error: Error: Failed to complete negotiation with the server: TypeError: Failed to fetch @ http://localhost:5273/_framework/blazor.web.js:0
[  257414ms] [ERROR] [2026-04-02T13:51:43.641Z] Error: Error: Failed to complete negotiation with the server: TypeError: Failed to fetch @ http://localhost:5273/_framework/blazor.web.js:0
[  262419ms] [INFO] [2026-04-02T13:51:48.646Z] Information: Normalizing '_blazor' to 'http://localhost:5273/_blazor'. @ http://localhost:5273/_framework/blazor.web.js:0
[  264769ms] [ERROR] Failed to load resource: net::ERR_CONNECTION_REFUSED @ http://localhost:5273/_blazor/negotiate?negotiateVersion=1:0
[  264769ms] [WARNING] [2026-04-02T13:51:50.997Z] Warning: Error from HTTP request. TypeError: Failed to fetch. @ http://localhost:5273/_framework/blazor.web.js:0
[  264769ms] [ERROR] [2026-04-02T13:51:50.997Z] Error: Failed to complete negotiation with the server: TypeError: Failed to fetch @ http://localhost:5273/_framework/blazor.web.js:0
[  264769ms] [ERROR] [2026-04-02T13:51:50.997Z] Error: Failed to start the connection: Error: Failed to complete negotiation with the server: TypeError: Failed to fetch @ http://localhost:5273/_framework/blazor.web.js:0
[  264769ms] [ERROR] [2026-04-02T13:51:50.997Z] Error: Error: Failed to complete negotiation with the server: TypeError: Failed to fetch @ http://localhost:5273/_framework/blazor.web.js:0
[  264770ms] [ERROR] [2026-04-02T13:51:50.997Z] Error: Error: Failed to complete negotiation with the server: TypeError: Failed to fetch @ http://localhost:5273/_framework/blazor.web.js:0
[  269779ms] [INFO] [2026-04-02T13:51:56.007Z] Information: Normalizing '_blazor' to 'http://localhost:5273/_blazor'. @ http://localhost:5273/_framework/blazor.web.js:0
[  272140ms] [ERROR] Failed to load resource: net::ERR_CONNECTION_REFUSED @ http://localhost:5273/_blazor/negotiate?negotiateVersion=1:0
[  272140ms] [WARNING] [2026-04-02T13:51:58.368Z] Warning: Error from HTTP request. TypeError: Failed to fetch. @ http://localhost:5273/_framework/blazor.web.js:0
[  272140ms] [ERROR] [2026-04-02T13:51:58.368Z] Error: Failed to complete negotiation with the server: TypeError: Failed to fetch @ http://localhost:5273/_framework/blazor.web.js:0
[  272140ms] [ERROR] [2026-04-02T13:51:58.368Z] Error: Failed to start the connection: Error: Failed to complete negotiation with the server: TypeError: Failed to fetch @ http://localhost:5273/_framework/blazor.web.js:0
[  272140ms] [ERROR] [2026-04-02T13:51:58.368Z] Error: Error: Failed to complete negotiation with the server: TypeError: Failed to fetch @ http://localhost:5273/_framework/blazor.web.js:0
[  272140ms] [ERROR] [2026-04-02T13:51:58.368Z] Error: Error: Failed to complete negotiation with the server: TypeError: Failed to fetch @ http://localhost:5273/_framework/blazor.web.js:0
[  277144ms] [INFO] [2026-04-02T13:52:03.372Z] Information: Normalizing '_blazor' to 'http://localhost:5273/_blazor'. @ http://localhost:5273/_framework/blazor.web.js:0
[  279504ms] [ERROR] Failed to load resource: net::ERR_CONNECTION_REFUSED @ http://localhost:5273/_blazor/negotiate?negotiateVersion=1:0
[  279504ms] [WARNING] [2026-04-02T13:52:05.731Z] Warning: Error from HTTP request. TypeError: Failed to fetch. @ http://localhost:5273/_framework/blazor.web.js:0
[  279504ms] [ERROR] [2026-04-02T13:52:05.731Z] Error: Failed to complete negotiation with the server: TypeError: Failed to fetch @ http://localhost:5273/_framework/blazor.web.js:0
[  279504ms] [ERROR] [2026-04-02T13:52:05.731Z] Error: Failed to start the connection: Error: Failed to complete negotiation with the server: TypeError: Failed to fetch @ http://localhost:5273/_framework/blazor.web.js:0
[  279504ms] [ERROR] [2026-04-02T13:52:05.731Z] Error: Error: Failed to complete negotiation with the server: TypeError: Failed to fetch @ http://localhost:5273/_framework/blazor.web.js:0
[  279504ms] [ERROR] [2026-04-02T13:52:05.731Z] Error: Error: Failed to complete negotiation with the server: TypeError: Failed to fetch @ http://localhost:5273/_framework/blazor.web.js:0
[  284508ms] [INFO] [2026-04-02T13:52:10.736Z] Information: Normalizing '_blazor' to 'http://localhost:5273/_blazor'. @ http://localhost:5273/_framework/blazor.web.js:0
[  286848ms] [ERROR] Failed to load resource: net::ERR_CONNECTION_REFUSED @ http://localhost:5273/_blazor/negotiate?negotiateVersion=1:0
[  286848ms] [WARNING] [2026-04-02T13:52:13.076Z] Warning: Error from HTTP request. TypeError: Failed to fetch. @ http://localhost:5273/_framework/blazor.web.js:0
[  286849ms] [ERROR] [2026-04-02T13:52:13.076Z] Error: Failed to complete negotiation with the server: TypeError: Failed to fetch @ http://localhost:5273/_framework/blazor.web.js:0
[  286849ms] [ERROR] [2026-04-02T13:52:13.076Z] Error: Failed to start the connection: Error: Failed to complete negotiation with the server: TypeError: Failed to fetch @ http://localhost:5273/_framework/blazor.web.js:0
[  286849ms] [ERROR] [2026-04-02T13:52:13.076Z] Error: Error: Failed to complete negotiation with the server: TypeError: Failed to fetch @ http://localhost:5273/_framework/blazor.web.js:0
[  286849ms] [ERROR] [2026-04-02T13:52:13.076Z] Error: Error: Failed to complete negotiation with the server: TypeError: Failed to fetch @ http://localhost:5273/_framework/blazor.web.js:0
[  291853ms] [INFO] [2026-04-02T13:52:18.080Z] Information: Normalizing '_blazor' to 'http://localhost:5273/_blazor'. @ http://localhost:5273/_framework/blazor.web.js:0
[  291861ms] [INFO] [2026-04-02T13:52:18.089Z] Information: WebSocket connected to ws://localhost:5273/_blazor?id=pDxmwBlOoCoAPvY307lCHQ. @ http://localhost:5273/_framework/blazor.web.js:0
[  291939ms] [INFO] [2026-04-02T13:52:18.167Z] Information: Normalizing '_blazor' to 'http://localhost:5273/_blazor'. @ http://localhost:5273/_framework/blazor.web.js:0
[  291945ms] [INFO] [2026-04-02T13:52:18.173Z] Information: WebSocket connected to ws://localhost:5273/_blazor?id=3xe9Js74pMTtjKFcB2-2Lg. @ http://localhost:5273/_framework/blazor.web.js:0
