[     131ms] [INFO] [2026-04-02T14:02:15.899Z] Information: Normalizing '_blazor' to 'http://localhost:5273/_blazor'. @ http://localhost:5273/_framework/blazor.web.js:0
[     149ms] [INFO] [2026-04-02T14:02:15.917Z] Information: WebSocket connected to ws://localhost:5273/_blazor?id=RDBjDrEcmK1LqHb-n0j_aA. @ http://localhost:5273/_framework/blazor.web.js:0
[  112452ms] [ERROR] [2026-04-02T14:04:08.221Z] Error: Connection disconnected with error 'Error: WebSocket closed with status code: 1006 (no reason given).'. @ http://localhost:5273/_framework/blazor.web.js:0
[  112454ms] [INFO] [2026-04-02T14:04:08.222Z] Information: Normalizing '_blazor' to 'http://localhost:5273/_blazor'. @ http://localhost:5273/_framework/blazor.web.js:0
[  114794ms] [ERROR] Failed to load resource: net::ERR_CONNECTION_REFUSED @ http://localhost:5273/_blazor/negotiate?negotiateVersion=1:0
[  114794ms] [WARNING] [2026-04-02T14:04:10.562Z] Warning: Error from HTTP request. TypeError: Failed to fetch. @ http://localhost:5273/_framework/blazor.web.js:0
[  114794ms] [ERROR] [2026-04-02T14:04:10.562Z] Error: Failed to complete negotiation with the server: TypeError: Failed to fetch @ http://localhost:5273/_framework/blazor.web.js:0
[  114794ms] [ERROR] [2026-04-02T14:04:10.563Z] Error: Failed to start the connection: Error: Failed to complete negotiation with the server: TypeError: Failed to fetch @ http://localhost:5273/_framework/blazor.web.js:0
[  114794ms] [ERROR] [2026-04-02T14:04:10.563Z] Error: Error: Failed to complete negotiation with the server: TypeError: Failed to fetch @ http://localhost:5273/_framework/blazor.web.js:0
[  114794ms] [ERROR] [2026-04-02T14:04:10.563Z] Error: Error: Failed to complete negotiation with the server: TypeError: Failed to fetch @ http://localhost:5273/_framework/blazor.web.js:0
[  114795ms] [INFO] [2026-04-02T14:04:10.563Z] Information: Normalizing '_blazor' to 'http://localhost:5273/_blazor'. @ http://localhost:5273/_framework/blazor.web.js:0
[  115057ms] [ERROR] Failed to load resource: net::ERR_CONNECTION_REFUSED @ http://localhost:5273/_blazor/negotiate?negotiateVersion=1:0
[  115057ms] [WARNING] [2026-04-02T14:04:10.825Z] Warning: Error from HTTP request. TypeError: Failed to fetch. @ http://localhost:5273/_framework/blazor.web.js:0
[  115057ms] [ERROR] [2026-04-02T14:04:10.826Z] Error: Failed to complete negotiation with the server: TypeError: Failed to fetch @ http://localhost:5273/_framework/blazor.web.js:0
[  115057ms] [ERROR] [2026-04-02T14:04:10.826Z] Error: Failed to start the connection: Error: Failed to complete negotiation with the server: TypeError: Failed to fetch @ http://localhost:5273/_framework/blazor.web.js:0
[  115057ms] [ERROR] [2026-04-02T14:04:10.826Z] Error: Error: Failed to complete negotiation with the server: TypeError: Failed to fetch @ http://localhost:5273/_framework/blazor.web.js:0
[  115057ms] [ERROR] [2026-04-02T14:04:10.826Z] Error: Error: Failed to complete negotiation with the server: TypeError: Failed to fetch @ http://localhost:5273/_framework/blazor.web.js:0
[  115058ms] [INFO] [2026-04-02T14:04:10.826Z] Information: Normalizing '_blazor' to 'http://localhost:5273/_blazor'. @ http://localhost:5273/_framework/blazor.web.js:0
[  117124ms] [ERROR] Failed to load resource: net::ERR_CONNECTION_REFUSED @ http://localhost:5273/_blazor/negotiate?negotiateVersion=1:0
[  117124ms] [WARNING] [2026-04-02T14:04:12.893Z] Warning: Error from HTTP request. TypeError: Failed to fetch. @ http://localhost:5273/_framework/blazor.web.js:0
[  117124ms] [ERROR] [2026-04-02T14:04:12.893Z] Error: Failed to complete negotiation with the server: TypeError: Failed to fetch @ http://localhost:5273/_framework/blazor.web.js:0
[  117124ms] [ERROR] [2026-04-02T14:04:12.893Z] Error: Failed to start the connection: Error: Failed to complete negotiation with the server: TypeError: Failed to fetch @ http://localhost:5273/_framework/blazor.web.js:0
[  117124ms] [ERROR] [2026-04-02T14:04:12.893Z] Error: Error: Failed to complete negotiation with the server: TypeError: Failed to fetch @ http://localhost:5273/_framework/blazor.web.js:0
[  117124ms] [ERROR] [2026-04-02T14:04:12.893Z] Error: Error: Failed to complete negotiation with the server: TypeError: Failed to fetch @ http://localhost:5273/_framework/blazor.web.js:0
[  117125ms] [INFO] [2026-04-02T14:04:12.893Z] Information: Normalizing '_blazor' to 'http://localhost:5273/_blazor'. @ http://localhost:5273/_framework/blazor.web.js:0
[  117389ms] [ERROR] Failed to load resource: net::ERR_CONNECTION_REFUSED @ http://localhost:5273/_blazor/negotiate?negotiateVersion=1:0
[  117389ms] [WARNING] [2026-04-02T14:04:13.157Z] Warning: Error from HTTP request. TypeError: Failed to fetch. @ http://localhost:5273/_framework/blazor.web.js:0
[  117389ms] [ERROR] [2026-04-02T14:04:13.158Z] Error: Failed to complete negotiation with the server: TypeError: Failed to fetch @ http://localhost:5273/_framework/blazor.web.js:0
[  117389ms] [ERROR] [2026-04-02T14:04:13.158Z] Error: Failed to start the connection: Error: Failed to complete negotiation with the server: TypeError: Failed to fetch @ http://localhost:5273/_framework/blazor.web.js:0
[  117389ms] [ERROR] [2026-04-02T14:04:13.158Z] Error: Error: Failed to complete negotiation with the server: TypeError: Failed to fetch @ http://localhost:5273/_framework/blazor.web.js:0
[  117389ms] [ERROR] [2026-04-02T14:04:13.158Z] Error: Error: Failed to complete negotiation with the server: TypeError: Failed to fetch @ http://localhost:5273/_framework/blazor.web.js:0
[  117389ms] [INFO] [2026-04-02T14:04:13.158Z] Information: Normalizing '_blazor' to 'http://localhost:5273/_blazor'. @ http://localhost:5273/_framework/blazor.web.js:0
[  119469ms] [ERROR] Failed to load resource: net::ERR_CONNECTION_REFUSED @ http://localhost:5273/_blazor/negotiate?negotiateVersion=1:0
[  119469ms] [WARNING] [2026-04-02T14:04:15.238Z] Warning: Error from HTTP request. TypeError: Failed to fetch. @ http://localhost:5273/_framework/blazor.web.js:0
[  119470ms] [ERROR] [2026-04-02T14:04:15.238Z] Error: Failed to complete negotiation with the server: TypeError: Failed to fetch @ http://localhost:5273/_framework/blazor.web.js:0
[  119470ms] [ERROR] [2026-04-02T14:04:15.238Z] Error: Failed to start the connection: Error: Failed to complete negotiation with the server: TypeError: Failed to fetch @ http://localhost:5273/_framework/blazor.web.js:0
[  119470ms] [ERROR] [2026-04-02T14:04:15.238Z] Error: Error: Failed to complete negotiation with the server: TypeError: Failed to fetch @ http://localhost:5273/_framework/blazor.web.js:0
[  119470ms] [ERROR] [2026-04-02T14:04:15.238Z] Error: Error: Failed to complete negotiation with the server: TypeError: Failed to fetch @ http://localhost:5273/_framework/blazor.web.js:0
[  119470ms] [INFO] [2026-04-02T14:04:15.238Z] Information: Normalizing '_blazor' to 'http://localhost:5273/_blazor'. @ http://localhost:5273/_framework/blazor.web.js:0
[  119717ms] [ERROR] Failed to load resource: net::ERR_CONNECTION_REFUSED @ http://localhost:5273/_blazor/negotiate?negotiateVersion=1:0
[  119717ms] [WARNING] [2026-04-02T14:04:15.486Z] Warning: Error from HTTP request. TypeError: Failed to fetch. @ http://localhost:5273/_framework/blazor.web.js:0
[  119717ms] [ERROR] [2026-04-02T14:04:15.486Z] Error: Failed to complete negotiation with the server: TypeError: Failed to fetch @ http://localhost:5273/_framework/blazor.web.js:0
[  119717ms] [ERROR] [2026-04-02T14:04:15.486Z] Error: Failed to start the connection: Error: Failed to complete negotiation with the server: TypeError: Failed to fetch @ http://localhost:5273/_framework/blazor.web.js:0
[  119718ms] [ERROR] [2026-04-02T14:04:15.486Z] Error: Error: Failed to complete negotiation with the server: TypeError: Failed to fetch @ http://localhost:5273/_framework/blazor.web.js:0
[  119718ms] [ERROR] [2026-04-02T14:04:15.486Z] Error: Error: Failed to complete negotiation with the server: TypeError: Failed to fetch @ http://localhost:5273/_framework/blazor.web.js:0
[  119718ms] [INFO] [2026-04-02T14:04:15.486Z] Information: Normalizing '_blazor' to 'http://localhost:5273/_blazor'. @ http://localhost:5273/_framework/blazor.web.js:0
[  121790ms] [ERROR] Failed to load resource: net::ERR_CONNECTION_REFUSED @ http://localhost:5273/_blazor/negotiate?negotiateVersion=1:0
[  121790ms] [WARNING] [2026-04-02T14:04:17.559Z] Warning: Error from HTTP request. TypeError: Failed to fetch. @ http://localhost:5273/_framework/blazor.web.js:0
[  121790ms] [ERROR] [2026-04-02T14:04:17.559Z] Error: Failed to complete negotiation with the server: TypeError: Failed to fetch @ http://localhost:5273/_framework/blazor.web.js:0
[  121790ms] [ERROR] [2026-04-02T14:04:17.559Z] Error: Failed to start the connection: Error: Failed to complete negotiation with the server: TypeError: Failed to fetch @ http://localhost:5273/_framework/blazor.web.js:0
[  121790ms] [ERROR] [2026-04-02T14:04:17.559Z] Error: Error: Failed to complete negotiation with the server: TypeError: Failed to fetch @ http://localhost:5273/_framework/blazor.web.js:0
[  121790ms] [ERROR] [2026-04-02T14:04:17.559Z] Error: Error: Failed to complete negotiation with the server: TypeError: Failed to fetch @ http://localhost:5273/_framework/blazor.web.js:0
[  121791ms] [INFO] [2026-04-02T14:04:17.559Z] Information: Normalizing '_blazor' to 'http://localhost:5273/_blazor'. @ http://localhost:5273/_framework/blazor.web.js:0
[  122039ms] [ERROR] Failed to load resource: net::ERR_CONNECTION_REFUSED @ http://localhost:5273/_blazor/negotiate?negotiateVersion=1:0
[  122039ms] [WARNING] [2026-04-02T14:04:17.808Z] Warning: Error from HTTP request. TypeError: Failed to fetch. @ http://localhost:5273/_framework/blazor.web.js:0
[  122039ms] [ERROR] [2026-04-02T14:04:17.808Z] Error: Failed to complete negotiation with the server: TypeError: Failed to fetch @ http://localhost:5273/_framework/blazor.web.js:0
[  122039ms] [ERROR] [2026-04-02T14:04:17.808Z] Error: Failed to start the connection: Error: Failed to complete negotiation with the server: TypeError: Failed to fetch @ http://localhost:5273/_framework/blazor.web.js:0
[  122039ms] [ERROR] [2026-04-02T14:04:17.808Z] Error: Error: Failed to complete negotiation with the server: TypeError: Failed to fetch @ http://localhost:5273/_framework/blazor.web.js:0
[  122039ms] [ERROR] [2026-04-02T14:04:17.808Z] Error: Error: Failed to complete negotiation with the server: TypeError: Failed to fetch @ http://localhost:5273/_framework/blazor.web.js:0
[  122040ms] [INFO] [2026-04-02T14:04:17.808Z] Information: Normalizing '_blazor' to 'http://localhost:5273/_blazor'. @ http://localhost:5273/_framework/blazor.web.js:0
[  124122ms] [ERROR] Failed to load resource: net::ERR_CONNECTION_REFUSED @ http://localhost:5273/_blazor/negotiate?negotiateVersion=1:0
[  124122ms] [WARNING] [2026-04-02T14:04:19.891Z] Warning: Error from HTTP request. TypeError: Failed to fetch. @ http://localhost:5273/_framework/blazor.web.js:0
[  124122ms] [ERROR] [2026-04-02T14:04:19.891Z] Error: Failed to complete negotiation with the server: TypeError: Failed to fetch @ http://localhost:5273/_framework/blazor.web.js:0
[  124122ms] [ERROR] [2026-04-02T14:04:19.891Z] Error: Failed to start the connection: Error: Failed to complete negotiation with the server: TypeError: Failed to fetch @ http://localhost:5273/_framework/blazor.web.js:0
[  124122ms] [ERROR] [2026-04-02T14:04:19.891Z] Error: Error: Failed to complete negotiation with the server: TypeError: Failed to fetch @ http://localhost:5273/_framework/blazor.web.js:0
[  124122ms] [ERROR] [2026-04-02T14:04:19.891Z] Error: Error: Failed to complete negotiation with the server: TypeError: Failed to fetch @ http://localhost:5273/_framework/blazor.web.js:0
[  124122ms] [INFO] [2026-04-02T14:04:19.891Z] Information: Normalizing '_blazor' to 'http://localhost:5273/_blazor'. @ http://localhost:5273/_framework/blazor.web.js:0
[  124386ms] [ERROR] Failed to load resource: net::ERR_CONNECTION_REFUSED @ http://localhost:5273/_blazor/negotiate?negotiateVersion=1:0
[  124386ms] [WARNING] [2026-04-02T14:04:20.155Z] Warning: Error from HTTP request. TypeError: Failed to fetch. @ http://localhost:5273/_framework/blazor.web.js:0
[  124386ms] [ERROR] [2026-04-02T14:04:20.155Z] Error: Failed to complete negotiation with the server: TypeError: Failed to fetch @ http://localhost:5273/_framework/blazor.web.js:0
[  124386ms] [ERROR] [2026-04-02T14:04:20.155Z] Error: Failed to start the connection: Error: Failed to complete negotiation with the server: TypeError: Failed to fetch @ http://localhost:5273/_framework/blazor.web.js:0
[  124386ms] [ERROR] [2026-04-02T14:04:20.155Z] Error: Error: Failed to complete negotiation with the server: TypeError: Failed to fetch @ http://localhost:5273/_framework/blazor.web.js:0
[  124386ms] [ERROR] [2026-04-02T14:04:20.155Z] Error: Error: Failed to complete negotiation with the server: TypeError: Failed to fetch @ http://localhost:5273/_framework/blazor.web.js:0
[  129395ms] [INFO] [2026-04-02T14:04:25.163Z] Information: Normalizing '_blazor' to 'http://localhost:5273/_blazor'. @ http://localhost:5273/_framework/blazor.web.js:0
[  129451ms] [INFO] [2026-04-02T14:04:25.220Z] Information: WebSocket connected to ws://localhost:5273/_blazor?id=pyyatdKuNL4_Raz8SBmr_w. @ http://localhost:5273/_framework/blazor.web.js:0
[  129646ms] [INFO] [2026-04-02T14:04:25.415Z] Information: Normalizing '_blazor' to 'http://localhost:5273/_blazor'. @ http://localhost:5273/_framework/blazor.web.js:0
[  129651ms] [INFO] [2026-04-02T14:04:25.420Z] Information: WebSocket connected to ws://localhost:5273/_blazor?id=Z_-goWtJqO4ENhd9YfP7ow. @ http://localhost:5273/_framework/blazor.web.js:0
