[     245ms] [INFO] [2026-04-02T13:44:28.147Z] Information: Normalizing '_blazor' to 'http://localhost:5273/_blazor'. @ http://localhost:5273/_framework/blazor.web.js:0
[     263ms] [INFO] [2026-04-02T13:44:28.166Z] Information: WebSocket connected to ws://localhost:5273/_blazor?id=mcMqWo5RhFP-L9Y8XonA5g. @ http://localhost:5273/_framework/blazor.web.js:0
[   51185ms] [ERROR] [2026-04-02T13:45:19.088Z] Error: Connection disconnected with error 'Error: WebSocket closed with status code: 1006 (no reason given).'. @ http://localhost:5273/_framework/blazor.web.js:0
[   51187ms] [INFO] [2026-04-02T13:45:19.089Z] Information: Normalizing '_blazor' to 'http://localhost:5273/_blazor'. @ http://localhost:5273/_framework/blazor.web.js:0
[   51313ms] [INFO] [2026-04-02T13:45:19.216Z] Information: WebSocket connected to ws://localhost:5273/_blazor?id=F69Jueofl33GaBWMRNit5Q. @ http://localhost:5273/_framework/blazor.web.js:0
[   56201ms] [ERROR] [2026-04-02T13:45:24.104Z] Error: Connection disconnected with error 'Error: WebSocket closed with status code: 1006 (no reason given).'. @ http://localhost:5273/_framework/blazor.web.js:0
[   56201ms] [INFO] [2026-04-02T13:45:24.104Z] Information: Normalizing '_blazor' to 'http://localhost:5273/_blazor'. @ http://localhost:5273/_framework/blazor.web.js:0
[   58548ms] [ERROR] Failed to load resource: net::ERR_CONNECTION_REFUSED @ http://localhost:5273/_blazor/negotiate?negotiateVersion=1:0
[   58548ms] [WARNING] [2026-04-02T13:45:26.451Z] Warning: Error from HTTP request. TypeError: Failed to fetch. @ http://localhost:5273/_framework/blazor.web.js:0
[   58549ms] [ERROR] [2026-04-02T13:45:26.451Z] Error: Failed to complete negotiation with the server: TypeError: Failed to fetch @ http://localhost:5273/_framework/blazor.web.js:0
[   58549ms] [ERROR] [2026-04-02T13:45:26.451Z] Error: Failed to start the connection: Error: Failed to complete negotiation with the server: TypeError: Failed to fetch @ http://localhost:5273/_framework/blazor.web.js:0
[   58549ms] [ERROR] [2026-04-02T13:45:26.451Z] Error: Error: Failed to complete negotiation with the server: TypeError: Failed to fetch @ http://localhost:5273/_framework/blazor.web.js:0
[   58549ms] [ERROR] [2026-04-02T13:45:26.452Z] Error: Error: Failed to complete negotiation with the server: TypeError: Failed to fetch @ http://localhost:5273/_framework/blazor.web.js:0
[   58549ms] [INFO] [2026-04-02T13:45:26.452Z] Information: Normalizing '_blazor' to 'http://localhost:5273/_blazor'. @ http://localhost:5273/_framework/blazor.web.js:0
[   58816ms] [ERROR] Failed to load resource: net::ERR_CONNECTION_REFUSED @ http://localhost:5273/_blazor/negotiate?negotiateVersion=1:0
[   58816ms] [WARNING] [2026-04-02T13:45:26.718Z] Warning: Error from HTTP request. TypeError: Failed to fetch. @ http://localhost:5273/_framework/blazor.web.js:0
[   58816ms] [ERROR] [2026-04-02T13:45:26.718Z] Error: Failed to complete negotiation with the server: TypeError: Failed to fetch @ http://localhost:5273/_framework/blazor.web.js:0
[   58816ms] [ERROR] [2026-04-02T13:45:26.718Z] Error: Failed to start the connection: Error: Failed to complete negotiation with the server: TypeError: Failed to fetch @ http://localhost:5273/_framework/blazor.web.js:0
[   58816ms] [ERROR] [2026-04-02T13:45:26.718Z] Error: Error: Failed to complete negotiation with the server: TypeError: Failed to fetch @ http://localhost:5273/_framework/blazor.web.js:0
[   58816ms] [ERROR] [2026-04-02T13:45:26.718Z] Error: Error: Failed to complete negotiation with the server: TypeError: Failed to fetch @ http://localhost:5273/_framework/blazor.web.js:0
[   58816ms] [INFO] [2026-04-02T13:45:26.719Z] Information: Normalizing '_blazor' to 'http://localhost:5273/_blazor'. @ http://localhost:5273/_framework/blazor.web.js:0
[   60886ms] [ERROR] Failed to load resource: net::ERR_CONNECTION_REFUSED @ http://localhost:5273/_blazor/negotiate?negotiateVersion=1:0
[   60886ms] [WARNING] [2026-04-02T13:45:28.789Z] Warning: Error from HTTP request. TypeError: Failed to fetch. @ http://localhost:5273/_framework/blazor.web.js:0
[   60886ms] [ERROR] [2026-04-02T13:45:28.789Z] Error: Failed to complete negotiation with the server: TypeError: Failed to fetch @ http://localhost:5273/_framework/blazor.web.js:0
[   60886ms] [ERROR] [2026-04-02T13:45:28.789Z] Error: Failed to start the connection: Error: Failed to complete negotiation with the server: TypeError: Failed to fetch @ http://localhost:5273/_framework/blazor.web.js:0
[   60887ms] [ERROR] [2026-04-02T13:45:28.789Z] Error: Error: Failed to complete negotiation with the server: TypeError: Failed to fetch @ http://localhost:5273/_framework/blazor.web.js:0
[   60887ms] [ERROR] [2026-04-02T13:45:28.789Z] Error: Error: Failed to complete negotiation with the server: TypeError: Failed to fetch @ http://localhost:5273/_framework/blazor.web.js:0
[   60887ms] [INFO] [2026-04-02T13:45:28.789Z] Information: Normalizing '_blazor' to 'http://localhost:5273/_blazor'. @ http://localhost:5273/_framework/blazor.web.js:0
[   61168ms] [ERROR] Failed to load resource: net::ERR_CONNECTION_REFUSED @ http://localhost:5273/_blazor/negotiate?negotiateVersion=1:0
[   61168ms] [WARNING] [2026-04-02T13:45:29.071Z] Warning: Error from HTTP request. TypeError: Failed to fetch. @ http://localhost:5273/_framework/blazor.web.js:0
[   61168ms] [ERROR] [2026-04-02T13:45:29.071Z] Error: Failed to complete negotiation with the server: TypeError: Failed to fetch @ http://localhost:5273/_framework/blazor.web.js:0
[   61168ms] [ERROR] [2026-04-02T13:45:29.071Z] Error: Failed to start the connection: Error: Failed to complete negotiation with the server: TypeError: Failed to fetch @ http://localhost:5273/_framework/blazor.web.js:0
[   61169ms] [ERROR] [2026-04-02T13:45:29.071Z] Error: Error: Failed to complete negotiation with the server: TypeError: Failed to fetch @ http://localhost:5273/_framework/blazor.web.js:0
[   61169ms] [ERROR] [2026-04-02T13:45:29.071Z] Error: Error: Failed to complete negotiation with the server: TypeError: Failed to fetch @ http://localhost:5273/_framework/blazor.web.js:0
[   61169ms] [INFO] [2026-04-02T13:45:29.071Z] Information: Normalizing '_blazor' to 'http://localhost:5273/_blazor'. @ http://localhost:5273/_framework/blazor.web.js:0
[   63248ms] [ERROR] Failed to load resource: net::ERR_CONNECTION_REFUSED @ http://localhost:5273/_blazor/negotiate?negotiateVersion=1:0
[   63248ms] [WARNING] [2026-04-02T13:45:31.150Z] Warning: Error from HTTP request. TypeError: Failed to fetch. @ http://localhost:5273/_framework/blazor.web.js:0
[   63248ms] [ERROR] [2026-04-02T13:45:31.151Z] Error: Failed to complete negotiation with the server: TypeError: Failed to fetch @ http://localhost:5273/_framework/blazor.web.js:0
[   63248ms] [ERROR] [2026-04-02T13:45:31.151Z] Error: Failed to start the connection: Error: Failed to complete negotiation with the server: TypeError: Failed to fetch @ http://localhost:5273/_framework/blazor.web.js:0
[   63248ms] [ERROR] [2026-04-02T13:45:31.151Z] Error: Error: Failed to complete negotiation with the server: TypeError: Failed to fetch @ http://localhost:5273/_framework/blazor.web.js:0
[   63248ms] [ERROR] [2026-04-02T13:45:31.151Z] Error: Error: Failed to complete negotiation with the server: TypeError: Failed to fetch @ http://localhost:5273/_framework/blazor.web.js:0
[   63249ms] [INFO] [2026-04-02T13:45:31.151Z] Information: Normalizing '_blazor' to 'http://localhost:5273/_blazor'. @ http://localhost:5273/_framework/blazor.web.js:0
[   63525ms] [ERROR] Failed to load resource: net::ERR_CONNECTION_REFUSED @ http://localhost:5273/_blazor/negotiate?negotiateVersion=1:0
[   63525ms] [WARNING] [2026-04-02T13:45:31.427Z] Warning: Error from HTTP request. TypeError: Failed to fetch. @ http://localhost:5273/_framework/blazor.web.js:0
[   63525ms] [ERROR] [2026-04-02T13:45:31.428Z] Error: Failed to complete negotiation with the server: TypeError: Failed to fetch @ http://localhost:5273/_framework/blazor.web.js:0
[   63525ms] [ERROR] [2026-04-02T13:45:31.428Z] Error: Failed to start the connection: Error: Failed to complete negotiation with the server: TypeError: Failed to fetch @ http://localhost:5273/_framework/blazor.web.js:0
[   63525ms] [ERROR] [2026-04-02T13:45:31.428Z] Error: Error: Failed to complete negotiation with the server: TypeError: Failed to fetch @ http://localhost:5273/_framework/blazor.web.js:0
[   63525ms] [ERROR] [2026-04-02T13:45:31.428Z] Error: Error: Failed to complete negotiation with the server: TypeError: Failed to fetch @ http://localhost:5273/_framework/blazor.web.js:0
[   63525ms] [INFO] [2026-04-02T13:45:31.428Z] Information: Normalizing '_blazor' to 'http://localhost:5273/_blazor'. @ http://localhost:5273/_framework/blazor.web.js:0
[   65596ms] [ERROR] Failed to load resource: net::ERR_CONNECTION_REFUSED @ http://localhost:5273/_blazor/negotiate?negotiateVersion=1:0
[   65596ms] [WARNING] [2026-04-02T13:45:33.499Z] Warning: Error from HTTP request. TypeError: Failed to fetch. @ http://localhost:5273/_framework/blazor.web.js:0
[   65596ms] [ERROR] [2026-04-02T13:45:33.499Z] Error: Failed to complete negotiation with the server: TypeError: Failed to fetch @ http://localhost:5273/_framework/blazor.web.js:0
[   65596ms] [ERROR] [2026-04-02T13:45:33.499Z] Error: Failed to start the connection: Error: Failed to complete negotiation with the server: TypeError: Failed to fetch @ http://localhost:5273/_framework/blazor.web.js:0
[   65597ms] [ERROR] [2026-04-02T13:45:33.499Z] Error: Error: Failed to complete negotiation with the server: TypeError: Failed to fetch @ http://localhost:5273/_framework/blazor.web.js:0
[   65597ms] [ERROR] [2026-04-02T13:45:33.499Z] Error: Error: Failed to complete negotiation with the server: TypeError: Failed to fetch @ http://localhost:5273/_framework/blazor.web.js:0
[   65597ms] [INFO] [2026-04-02T13:45:33.499Z] Information: Normalizing '_blazor' to 'http://localhost:5273/_blazor'. @ http://localhost:5273/_framework/blazor.web.js:0
[   65877ms] [ERROR] Failed to load resource: net::ERR_CONNECTION_REFUSED @ http://localhost:5273/_blazor/negotiate?negotiateVersion=1:0
[   65877ms] [WARNING] [2026-04-02T13:45:33.779Z] Warning: Error from HTTP request. TypeError: Failed to fetch. @ http://localhost:5273/_framework/blazor.web.js:0
[   65877ms] [ERROR] [2026-04-02T13:45:33.779Z] Error: Failed to complete negotiation with the server: TypeError: Failed to fetch @ http://localhost:5273/_framework/blazor.web.js:0
[   65877ms] [ERROR] [2026-04-02T13:45:33.779Z] Error: Failed to start the connection: Error: Failed to complete negotiation with the server: TypeError: Failed to fetch @ http://localhost:5273/_framework/blazor.web.js:0
[   65877ms] [ERROR] [2026-04-02T13:45:33.779Z] Error: Error: Failed to complete negotiation with the server: TypeError: Failed to fetch @ http://localhost:5273/_framework/blazor.web.js:0
[   65877ms] [ERROR] [2026-04-02T13:45:33.779Z] Error: Error: Failed to complete negotiation with the server: TypeError: Failed to fetch @ http://localhost:5273/_framework/blazor.web.js:0
[   65877ms] [INFO] [2026-04-02T13:45:33.779Z] Information: Normalizing '_blazor' to 'http://localhost:5273/_blazor'. @ http://localhost:5273/_framework/blazor.web.js:0
[   67952ms] [ERROR] Failed to load resource: net::ERR_CONNECTION_REFUSED @ http://localhost:5273/_blazor/negotiate?negotiateVersion=1:0
[   67952ms] [WARNING] [2026-04-02T13:45:35.854Z] Warning: Error from HTTP request. TypeError: Failed to fetch. @ http://localhost:5273/_framework/blazor.web.js:0
[   67952ms] [ERROR] [2026-04-02T13:45:35.854Z] Error: Failed to complete negotiation with the server: TypeError: Failed to fetch @ http://localhost:5273/_framework/blazor.web.js:0
[   67952ms] [ERROR] [2026-04-02T13:45:35.854Z] Error: Failed to start the connection: Error: Failed to complete negotiation with the server: TypeError: Failed to fetch @ http://localhost:5273/_framework/blazor.web.js:0
[   67952ms] [ERROR] [2026-04-02T13:45:35.855Z] Error: Error: Failed to complete negotiation with the server: TypeError: Failed to fetch @ http://localhost:5273/_framework/blazor.web.js:0
[   67952ms] [ERROR] [2026-04-02T13:45:35.855Z] Error: Error: Failed to complete negotiation with the server: TypeError: Failed to fetch @ http://localhost:5273/_framework/blazor.web.js:0
[   67952ms] [INFO] [2026-04-02T13:45:35.855Z] Information: Normalizing '_blazor' to 'http://localhost:5273/_blazor'. @ http://localhost:5273/_framework/blazor.web.js:0
[   68234ms] [ERROR] Failed to load resource: net::ERR_CONNECTION_REFUSED @ http://localhost:5273/_blazor/negotiate?negotiateVersion=1:0
[   68234ms] [WARNING] [2026-04-02T13:45:36.136Z] Warning: Error from HTTP request. TypeError: Failed to fetch. @ http://localhost:5273/_framework/blazor.web.js:0
[   68234ms] [ERROR] [2026-04-02T13:45:36.136Z] Error: Failed to complete negotiation with the server: TypeError: Failed to fetch @ http://localhost:5273/_framework/blazor.web.js:0
[   68234ms] [ERROR] [2026-04-02T13:45:36.136Z] Error: Failed to start the connection: Error: Failed to complete negotiation with the server: TypeError: Failed to fetch @ http://localhost:5273/_framework/blazor.web.js:0
[   68234ms] [ERROR] [2026-04-02T13:45:36.136Z] Error: Error: Failed to complete negotiation with the server: TypeError: Failed to fetch @ http://localhost:5273/_framework/blazor.web.js:0
[   68234ms] [ERROR] [2026-04-02T13:45:36.137Z] Error: Error: Failed to complete negotiation with the server: TypeError: Failed to fetch @ http://localhost:5273/_framework/blazor.web.js:0
[   73244ms] [INFO] [2026-04-02T13:45:41.146Z] Information: Normalizing '_blazor' to 'http://localhost:5273/_blazor'. @ http://localhost:5273/_framework/blazor.web.js:0
[   75611ms] [ERROR] Failed to load resource: net::ERR_CONNECTION_REFUSED @ http://localhost:5273/_blazor/negotiate?negotiateVersion=1:0
[   75611ms] [WARNING] [2026-04-02T13:45:43.514Z] Warning: Error from HTTP request. TypeError: Failed to fetch. @ http://localhost:5273/_framework/blazor.web.js:0
[   75611ms] [ERROR] [2026-04-02T13:45:43.514Z] Error: Failed to complete negotiation with the server: TypeError: Failed to fetch @ http://localhost:5273/_framework/blazor.web.js:0
[   75611ms] [ERROR] [2026-04-02T13:45:43.514Z] Error: Failed to start the connection: Error: Failed to complete negotiation with the server: TypeError: Failed to fetch @ http://localhost:5273/_framework/blazor.web.js:0
[   75611ms] [ERROR] [2026-04-02T13:45:43.514Z] Error: Error: Failed to complete negotiation with the server: TypeError: Failed to fetch @ http://localhost:5273/_framework/blazor.web.js:0
[   75612ms] [ERROR] [2026-04-02T13:45:43.514Z] Error: Error: Failed to complete negotiation with the server: TypeError: Failed to fetch @ http://localhost:5273/_framework/blazor.web.js:0
[   80617ms] [INFO] [2026-04-02T13:45:48.520Z] Information: Normalizing '_blazor' to 'http://localhost:5273/_blazor'. @ http://localhost:5273/_framework/blazor.web.js:0
[   82990ms] [ERROR] Failed to load resource: net::ERR_CONNECTION_REFUSED @ http://localhost:5273/_blazor/negotiate?negotiateVersion=1:0
[   82990ms] [WARNING] [2026-04-02T13:45:50.893Z] Warning: Error from HTTP request. TypeError: Failed to fetch. @ http://localhost:5273/_framework/blazor.web.js:0
[   82990ms] [ERROR] [2026-04-02T13:45:50.893Z] Error: Failed to complete negotiation with the server: TypeError: Failed to fetch @ http://localhost:5273/_framework/blazor.web.js:0
[   82990ms] [ERROR] [2026-04-02T13:45:50.893Z] Error: Failed to start the connection: Error: Failed to complete negotiation with the server: TypeError: Failed to fetch @ http://localhost:5273/_framework/blazor.web.js:0
[   82991ms] [ERROR] [2026-04-02T13:45:50.893Z] Error: Error: Failed to complete negotiation with the server: TypeError: Failed to fetch @ http://localhost:5273/_framework/blazor.web.js:0
[   82991ms] [ERROR] [2026-04-02T13:45:50.893Z] Error: Error: Failed to complete negotiation with the server: TypeError: Failed to fetch @ http://localhost:5273/_framework/blazor.web.js:0
[   87997ms] [INFO] [2026-04-02T13:45:55.900Z] Information: Normalizing '_blazor' to 'http://localhost:5273/_blazor'. @ http://localhost:5273/_framework/blazor.web.js:0
[   90354ms] [ERROR] Failed to load resource: net::ERR_CONNECTION_REFUSED @ http://localhost:5273/_blazor/negotiate?negotiateVersion=1:0
[   90354ms] [WARNING] [2026-04-02T13:45:58.257Z] Warning: Error from HTTP request. TypeError: Failed to fetch. @ http://localhost:5273/_framework/blazor.web.js:0
[   90354ms] [ERROR] [2026-04-02T13:45:58.257Z] Error: Failed to complete negotiation with the server: TypeError: Failed to fetch @ http://localhost:5273/_framework/blazor.web.js:0
[   90354ms] [ERROR] [2026-04-02T13:45:58.257Z] Error: Failed to start the connection: Error: Failed to complete negotiation with the server: TypeError: Failed to fetch @ http://localhost:5273/_framework/blazor.web.js:0
[   90354ms] [ERROR] [2026-04-02T13:45:58.257Z] Error: Error: Failed to complete negotiation with the server: TypeError: Failed to fetch @ http://localhost:5273/_framework/blazor.web.js:0
[   90354ms] [ERROR] [2026-04-02T13:45:58.257Z] Error: Error: Failed to complete negotiation with the server: TypeError: Failed to fetch @ http://localhost:5273/_framework/blazor.web.js:0
[   95359ms] [INFO] [2026-04-02T13:46:03.261Z] Information: Normalizing '_blazor' to 'http://localhost:5273/_blazor'. @ http://localhost:5273/_framework/blazor.web.js:0
[   97702ms] [ERROR] Failed to load resource: net::ERR_CONNECTION_REFUSED @ http://localhost:5273/_blazor/negotiate?negotiateVersion=1:0
[   97702ms] [WARNING] [2026-04-02T13:46:05.604Z] Warning: Error from HTTP request. TypeError: Failed to fetch. @ http://localhost:5273/_framework/blazor.web.js:0
[   97702ms] [ERROR] [2026-04-02T13:46:05.605Z] Error: Failed to complete negotiation with the server: TypeError: Failed to fetch @ http://localhost:5273/_framework/blazor.web.js:0
[   97702ms] [ERROR] [2026-04-02T13:46:05.605Z] Error: Failed to start the connection: Error: Failed to complete negotiation with the server: TypeError: Failed to fetch @ http://localhost:5273/_framework/blazor.web.js:0
[   97702ms] [ERROR] [2026-04-02T13:46:05.605Z] Error: Error: Failed to complete negotiation with the server: TypeError: Failed to fetch @ http://localhost:5273/_framework/blazor.web.js:0
[   97702ms] [ERROR] [2026-04-02T13:46:05.605Z] Error: Error: Failed to complete negotiation with the server: TypeError: Failed to fetch @ http://localhost:5273/_framework/blazor.web.js:0
[  102708ms] [INFO] [2026-04-02T13:46:10.610Z] Information: Normalizing '_blazor' to 'http://localhost:5273/_blazor'. @ http://localhost:5273/_framework/blazor.web.js:0
[  105070ms] [ERROR] Failed to load resource: net::ERR_CONNECTION_REFUSED @ http://localhost:5273/_blazor/negotiate?negotiateVersion=1:0
[  105070ms] [WARNING] [2026-04-02T13:46:12.973Z] Warning: Error from HTTP request. TypeError: Failed to fetch. @ http://localhost:5273/_framework/blazor.web.js:0
[  105070ms] [ERROR] [2026-04-02T13:46:12.973Z] Error: Failed to complete negotiation with the server: TypeError: Failed to fetch @ http://localhost:5273/_framework/blazor.web.js:0
[  105071ms] [ERROR] [2026-04-02T13:46:12.973Z] Error: Failed to start the connection: Error: Failed to complete negotiation with the server: TypeError: Failed to fetch @ http://localhost:5273/_framework/blazor.web.js:0
[  105071ms] [ERROR] [2026-04-02T13:46:12.973Z] Error: Error: Failed to complete negotiation with the server: TypeError: Failed to fetch @ http://localhost:5273/_framework/blazor.web.js:0
[  105071ms] [ERROR] [2026-04-02T13:46:12.973Z] Error: Error: Failed to complete negotiation with the server: TypeError: Failed to fetch @ http://localhost:5273/_framework/blazor.web.js:0
[  110080ms] [INFO] [2026-04-02T13:46:17.983Z] Information: Normalizing '_blazor' to 'http://localhost:5273/_blazor'. @ http://localhost:5273/_framework/blazor.web.js:0
[  112433ms] [ERROR] Failed to load resource: net::ERR_CONNECTION_REFUSED @ http://localhost:5273/_blazor/negotiate?negotiateVersion=1:0
[  112433ms] [WARNING] [2026-04-02T13:46:20.336Z] Warning: Error from HTTP request. TypeError: Failed to fetch. @ http://localhost:5273/_framework/blazor.web.js:0
[  112433ms] [ERROR] [2026-04-02T13:46:20.336Z] Error: Failed to complete negotiation with the server: TypeError: Failed to fetch @ http://localhost:5273/_framework/blazor.web.js:0
[  112433ms] [ERROR] [2026-04-02T13:46:20.336Z] Error: Failed to start the connection: Error: Failed to complete negotiation with the server: TypeError: Failed to fetch @ http://localhost:5273/_framework/blazor.web.js:0
[  112434ms] [ERROR] [2026-04-02T13:46:20.336Z] Error: Error: Failed to complete negotiation with the server: TypeError: Failed to fetch @ http://localhost:5273/_framework/blazor.web.js:0
[  112434ms] [ERROR] [2026-04-02T13:46:20.336Z] Error: Error: Failed to complete negotiation with the server: TypeError: Failed to fetch @ http://localhost:5273/_framework/blazor.web.js:0
[  117441ms] [INFO] [2026-04-02T13:46:25.344Z] Information: Normalizing '_blazor' to 'http://localhost:5273/_blazor'. @ http://localhost:5273/_framework/blazor.web.js:0
[  119783ms] [ERROR] Failed to load resource: net::ERR_CONNECTION_REFUSED @ http://localhost:5273/_blazor/negotiate?negotiateVersion=1:0
[  119783ms] [WARNING] [2026-04-02T13:46:27.686Z] Warning: Error from HTTP request. TypeError: Failed to fetch. @ http://localhost:5273/_framework/blazor.web.js:0
[  119783ms] [ERROR] [2026-04-02T13:46:27.686Z] Error: Failed to complete negotiation with the server: TypeError: Failed to fetch @ http://localhost:5273/_framework/blazor.web.js:0
[  119784ms] [ERROR] [2026-04-02T13:46:27.686Z] Error: Failed to start the connection: Error: Failed to complete negotiation with the server: TypeError: Failed to fetch @ http://localhost:5273/_framework/blazor.web.js:0
[  119784ms] [ERROR] [2026-04-02T13:46:27.686Z] Error: Error: Failed to complete negotiation with the server: TypeError: Failed to fetch @ http://localhost:5273/_framework/blazor.web.js:0
[  119784ms] [ERROR] [2026-04-02T13:46:27.686Z] Error: Error: Failed to complete negotiation with the server: TypeError: Failed to fetch @ http://localhost:5273/_framework/blazor.web.js:0
[  124790ms] [INFO] [2026-04-02T13:46:32.692Z] Information: Normalizing '_blazor' to 'http://localhost:5273/_blazor'. @ http://localhost:5273/_framework/blazor.web.js:0
[  127153ms] [ERROR] Failed to load resource: net::ERR_CONNECTION_REFUSED @ http://localhost:5273/_blazor/negotiate?negotiateVersion=1:0
[  127153ms] [WARNING] [2026-04-02T13:46:35.055Z] Warning: Error from HTTP request. TypeError: Failed to fetch. @ http://localhost:5273/_framework/blazor.web.js:0
[  127153ms] [ERROR] [2026-04-02T13:46:35.056Z] Error: Failed to complete negotiation with the server: TypeError: Failed to fetch @ http://localhost:5273/_framework/blazor.web.js:0
[  127153ms] [ERROR] [2026-04-02T13:46:35.056Z] Error: Failed to start the connection: Error: Failed to complete negotiation with the server: TypeError: Failed to fetch @ http://localhost:5273/_framework/blazor.web.js:0
[  127153ms] [ERROR] [2026-04-02T13:46:35.056Z] Error: Error: Failed to complete negotiation with the server: TypeError: Failed to fetch @ http://localhost:5273/_framework/blazor.web.js:0
[  127153ms] [ERROR] [2026-04-02T13:46:35.056Z] Error: Error: Failed to complete negotiation with the server: TypeError: Failed to fetch @ http://localhost:5273/_framework/blazor.web.js:0
[  132159ms] [INFO] [2026-04-02T13:46:40.061Z] Information: Normalizing '_blazor' to 'http://localhost:5273/_blazor'. @ http://localhost:5273/_framework/blazor.web.js:0
[  134125ms] [INFO] [2026-04-02T13:46:42.028Z] Information: WebSocket connected to ws://localhost:5273/_blazor?id=WmdHNnAw3DXO1O6SZ71wlA. @ http://localhost:5273/_framework/blazor.web.js:0
[  135730ms] [INFO] [2026-04-02T13:46:43.632Z] Information: Normalizing '_blazor' to 'http://localhost:5273/_blazor'. @ http://localhost:5273/_framework/blazor.web.js:0
[  135737ms] [INFO] [2026-04-02T13:46:43.640Z] Information: WebSocket connected to ws://localhost:5273/_blazor?id=05xFaesebA--f5EbOxOplw. @ http://localhost:5273/_framework/blazor.web.js:0
